2023-05-27 10:59:30,828 __init__:33 Found 1 COM ports
2023-05-27 10:59:45,494 __init__:33 Found 1 COM ports
2023-05-27 11:23:00,131 __init__:33 Found 1 COM ports
2023-05-27 11:27:45,660 __init__:33 Found 1 COM ports
2023-05-27 11:42:51,020 __init__:33 Found 1 COM ports
2023-05-27 11:49:46,500 __init__:37 Found 1 COM ports
2023-05-27 11:51:32,693 __init__:37 Found 1 COM ports
2023-05-27 11:51:58,768 __init__:37 Found 1 COM ports
2023-05-27 11:53:45,656 __init__:37 Found 1 COM ports
2023-05-27 11:56:10,545 __init__:37 Found 1 COM ports
2023-05-27 11:57:48,284 __init__:37 Found 1 COM ports
2023-05-27 11:58:18,527 __init__:37 Found 1 COM ports
2023-05-27 13:35:44,284 __init__:37 Found 1 COM ports
2023-05-27 13:46:45,708 __init__:37 Found 1 COM ports
2023-05-27 13:47:11,195 __init__:37 Found 1 COM ports
2023-05-27 13:50:19,237 rescanPort:42 Found 1 COM ports
2023-05-27 13:50:22,905 rescanPort:42 Found 1 COM ports
2023-05-27 13:50:25,498 rescanPort:42 Found 1 COM ports
2023-05-27 13:53:26,686 rescanPort:42 Found 1 COM ports
2023-05-27 14:02:21,975 rescanPort:47 Val: False
2023-05-27 14:02:21,975 rescanPort:48 Found 1 COM ports
2023-05-27 14:02:21,976 comPortChanged:54 Selected port: 
2023-05-27 14:02:21,976 get_leaves:39 Discovering leaves on port 
2023-05-27 14:02:21,977 comPortChanged:54 Selected port: COM3
2023-05-27 14:02:21,977 get_leaves:39 Discovering leaves on port COM3
2023-05-27 14:02:22,345 get_leaves:52 Trying leaf 0
2023-05-27 14:02:22,349 get_leaves:52 Trying leaf 1
2023-05-27 14:02:22,470 get_leaves:52 Trying leaf 2
2023-05-27 14:02:22,594 get_leaves:52 Trying leaf 3
2023-05-27 14:02:22,715 get_leaves:52 Trying leaf 4
2023-05-27 14:02:22,836 comPortChanged:56 Found 1 leaves
2023-05-27 14:03:03,929 rescanPort:47 Val: False
2023-05-27 14:03:03,929 rescanPort:48 Found 1 COM ports
2023-05-27 14:03:03,930 comPortChanged:54 Selected port: 
2023-05-27 14:03:03,930 get_leaves:39 Discovering leaves on port 
2023-05-27 14:03:03,931 comPortChanged:54 Selected port: COM3
2023-05-27 14:03:03,931 get_leaves:39 Discovering leaves on port COM3
2023-05-27 14:03:04,299 get_leaves:52 Trying leaf 0
2023-05-27 14:03:04,301 get_leaves:52 Trying leaf 1
2023-05-27 14:03:04,424 get_leaves:52 Trying leaf 2
2023-05-27 14:03:04,546 get_leaves:52 Trying leaf 3
2023-05-27 14:03:04,668 get_leaves:52 Trying leaf 4
2023-05-27 14:03:04,789 comPortChanged:56 Found 1 leaves
2023-05-27 14:05:48,284 rescanPort:49 Val: False
2023-05-27 14:05:48,284 rescanPort:50 Found 1 COM ports
2023-05-27 14:05:48,285 comPortChanged:56 Selected port: COM3
2023-05-27 14:05:48,285 get_leaves:39 Discovering leaves on port COM3
2023-05-27 14:05:48,653 get_leaves:52 Trying leaf 0
2023-05-27 14:05:48,656 get_leaves:52 Trying leaf 1
2023-05-27 14:05:48,778 get_leaves:52 Trying leaf 2
2023-05-27 14:05:48,898 get_leaves:52 Trying leaf 3
2023-05-27 14:05:49,018 get_leaves:52 Trying leaf 4
2023-05-27 14:05:49,139 comPortChanged:58 Found 1 leaves
2023-05-27 14:07:58,207 rescanPort:49 Val: False
2023-05-27 14:07:58,207 rescanPort:50 Found 1 COM ports
2023-05-27 14:07:58,208 comPortChanged:56 Selected port: COM3
2023-05-27 14:07:58,208 get_leaves:39 Discovering leaves on port COM3
2023-05-27 14:07:58,569 get_leaves:52 Trying leaf 0
2023-05-27 14:07:58,572 get_leaves:52 Trying leaf 1
2023-05-27 14:07:58,693 get_leaves:52 Trying leaf 2
2023-05-27 14:07:58,814 get_leaves:52 Trying leaf 3
2023-05-27 14:07:58,936 get_leaves:52 Trying leaf 4
2023-05-27 14:07:59,057 comPortChanged:58 Found 1 leaves
2023-05-27 14:08:25,718 rescanPort:49 Val: False
2023-05-27 14:08:25,719 rescanPort:50 Found 1 COM ports
2023-05-27 14:08:25,719 comPortChanged:56 Selected port: COM3
2023-05-27 14:08:25,719 get_leaves:39 Discovering leaves on port COM3
2023-05-27 14:08:26,087 get_leaves:52 Trying leaf 0
2023-05-27 14:08:26,090 get_leaves:52 Trying leaf 1
2023-05-27 14:08:26,210 get_leaves:52 Trying leaf 2
2023-05-27 14:08:26,332 get_leaves:52 Trying leaf 3
2023-05-27 14:08:26,454 get_leaves:52 Trying leaf 4
2023-05-27 14:08:26,574 comPortChanged:58 Found 1 leaves
2023-05-27 14:08:31,316 leafSelected:64 Selected leaf: 0
2023-05-27 14:08:32,608 leafSelected:64 Selected leaf: 0
2023-05-27 14:08:35,086 leafSelected:64 Selected leaf: 0
2023-05-27 14:09:50,263 rescanPort:50 Val: False
2023-05-27 14:09:50,263 rescanPort:51 Found 1 COM ports
2023-05-27 14:09:50,264 rescanLeaves:57 Selected port: COM3
2023-05-27 14:09:50,264 get_leaves:39 Discovering leaves on port COM3
2023-05-27 14:09:50,626 get_leaves:52 Trying leaf 0
2023-05-27 14:09:50,629 get_leaves:52 Trying leaf 1
2023-05-27 14:09:50,751 get_leaves:52 Trying leaf 2
2023-05-27 14:09:50,873 get_leaves:52 Trying leaf 3
2023-05-27 14:09:50,993 get_leaves:52 Trying leaf 4
2023-05-27 14:09:51,114 rescanLeaves:59 Found 1 leaves
2023-05-27 14:09:52,263 leafSelected:65 Selected leaf: 0
2023-05-27 14:25:19,991 rescanPort:58 Val: False
2023-05-27 14:25:19,991 rescanPort:59 Found 1 COM ports
2023-05-27 14:25:19,992 rescanLeaves:65 Selected port: COM3
2023-05-27 14:25:19,992 get_leaves:39 Discovering leaves on port COM3
2023-05-27 14:25:20,360 get_leaves:52 Trying leaf 0
2023-05-27 14:25:20,363 get_leaves:52 Trying leaf 1
2023-05-27 14:25:20,544 get_leaves:52 Trying leaf 2
2023-05-27 14:25:20,731 get_leaves:52 Trying leaf 3
2023-05-27 14:25:20,918 get_leaves:52 Trying leaf 4
2023-05-27 14:25:21,103 rescanLeaves:67 Found 1 leaves
2023-05-27 14:28:00,034 rescanPort:58 Val: False
2023-05-27 14:28:00,034 rescanPort:59 Found 1 COM ports
2023-05-27 14:28:00,035 rescanLeaves:65 Selected port: COM3
2023-05-27 14:28:00,035 get_leaves:39 Discovering leaves on port COM3
2023-05-27 14:28:00,397 get_leaves:52 Trying leaf 0
2023-05-27 14:28:00,400 get_leaves:52 Trying leaf 1
2023-05-27 14:28:00,591 get_leaves:52 Trying leaf 2
2023-05-27 14:28:00,778 get_leaves:52 Trying leaf 3
2023-05-27 14:28:00,962 get_leaves:52 Trying leaf 4
2023-05-27 14:28:01,147 rescanLeaves:67 Found 1 leaves
2023-05-27 14:28:04,919 leafSelected:73 Selected leaf: 0
2023-05-27 14:28:05,817 leafSelected:73 Selected leaf: 0
2023-05-27 14:28:09,816 leafSelected:73 Selected leaf: 0
2023-05-27 14:28:10,218 leafSelected:73 Selected leaf: 0
2023-05-27 14:29:13,498 rescanPort:58 Val: False
2023-05-27 14:29:13,498 rescanPort:59 Found 1 COM ports
2023-05-27 14:29:13,499 rescanLeaves:65 Selected port: COM3
2023-05-27 14:29:13,499 get_leaves:39 Discovering leaves on port COM3
2023-05-27 14:29:13,867 get_leaves:52 Trying leaf 0
2023-05-27 14:29:13,870 get_leaves:52 Trying leaf 1
2023-05-27 14:29:14,053 get_leaves:52 Trying leaf 2
2023-05-27 14:29:14,240 get_leaves:52 Trying leaf 3
2023-05-27 14:29:14,427 get_leaves:52 Trying leaf 4
2023-05-27 14:29:14,612 rescanLeaves:67 Found 1 leaves
2023-05-27 14:30:57,994 rescanPort:58 Val: False
2023-05-27 14:30:57,994 rescanPort:59 Found 1 COM ports
2023-05-27 14:30:57,995 rescanLeaves:65 Selected port: COM3
2023-05-27 14:30:57,995 get_leaves:39 Discovering leaves on port COM3
2023-05-27 14:30:58,363 get_leaves:52 Trying leaf 0
2023-05-27 14:30:58,366 get_leaves:52 Trying leaf 1
2023-05-27 14:30:58,545 get_leaves:52 Trying leaf 2
2023-05-27 14:30:58,733 get_leaves:52 Trying leaf 3
2023-05-27 14:30:58,920 get_leaves:52 Trying leaf 4
2023-05-27 14:30:59,105 rescanLeaves:67 Found 1 leaves
2023-05-27 14:32:01,349 rescanPort:58 Val: False
2023-05-27 14:32:01,350 rescanPort:59 Found 1 COM ports
2023-05-27 14:32:01,350 rescanLeaves:65 Selected port: COM3
2023-05-27 14:32:01,350 get_leaves:39 Discovering leaves on port COM3
2023-05-27 14:32:01,718 get_leaves:52 Trying leaf 0
2023-05-27 14:32:01,721 get_leaves:52 Trying leaf 1
2023-05-27 14:32:01,904 get_leaves:52 Trying leaf 2
2023-05-27 14:32:02,091 get_leaves:52 Trying leaf 3
2023-05-27 14:32:02,280 get_leaves:52 Trying leaf 4
2023-05-27 14:32:02,470 rescanLeaves:67 Found 1 leaves
2023-05-27 14:32:15,976 leafSelected:73 Selected leaf: 0
2023-05-27 14:34:28,522 rescanPort:54 Val: False
2023-05-27 14:34:28,522 rescanPort:55 Found 1 COM ports
2023-05-27 14:34:28,523 rescanLeaves:61 Selected port: COM3
2023-05-27 14:34:28,523 get_leaves:39 Discovering leaves on port COM3
2023-05-27 14:34:28,885 get_leaves:52 Trying leaf 0
2023-05-27 14:34:28,888 get_leaves:52 Trying leaf 1
2023-05-27 14:34:29,067 get_leaves:52 Trying leaf 2
2023-05-27 14:34:29,252 get_leaves:52 Trying leaf 3
2023-05-27 14:34:29,436 get_leaves:52 Trying leaf 4
2023-05-27 14:34:29,621 rescanLeaves:63 Found 1 leaves
2023-05-27 14:34:33,925 leafSelected:69 Selected leaf: 0
2023-05-27 14:34:34,991 leafSelected:69 Selected leaf: 0
2023-05-27 14:34:56,126 rescanPort:54 Val: False
2023-05-27 14:34:56,126 rescanPort:55 Found 1 COM ports
2023-05-27 14:34:56,127 rescanLeaves:61 Selected port: COM3
2023-05-27 14:34:56,127 get_leaves:39 Discovering leaves on port COM3
2023-05-27 14:34:56,495 get_leaves:52 Trying leaf 0
2023-05-27 14:34:56,497 get_leaves:52 Trying leaf 1
2023-05-27 14:34:56,673 get_leaves:52 Trying leaf 2
2023-05-27 14:34:56,859 get_leaves:52 Trying leaf 3
2023-05-27 14:34:57,046 get_leaves:52 Trying leaf 4
2023-05-27 14:34:57,230 rescanLeaves:63 Found 1 leaves
2023-05-27 14:35:37,002 rescanPort:54 Val: False
2023-05-27 14:35:37,002 rescanPort:55 Found 1 COM ports
2023-05-27 14:35:37,002 rescanLeaves:61 Selected port: COM3
2023-05-27 14:35:37,003 get_leaves:39 Discovering leaves on port COM3
2023-05-27 14:35:37,365 get_leaves:52 Trying leaf 0
2023-05-27 14:35:37,368 get_leaves:52 Trying leaf 1
2023-05-27 14:35:37,546 get_leaves:52 Trying leaf 2
2023-05-27 14:35:37,733 get_leaves:52 Trying leaf 3
2023-05-27 14:35:37,920 get_leaves:52 Trying leaf 4
2023-05-27 14:35:38,106 rescanLeaves:63 Found 1 leaves
2023-05-27 14:36:13,362 rescanPort:54 Val: False
2023-05-27 14:36:13,362 rescanPort:55 Found 1 COM ports
2023-05-27 14:36:13,363 rescanLeaves:61 Selected port: COM3
2023-05-27 14:36:13,363 get_leaves:39 Discovering leaves on port COM3
2023-05-27 14:36:13,737 get_leaves:52 Trying leaf 0
2023-05-27 14:36:13,740 get_leaves:52 Trying leaf 1
2023-05-27 14:36:13,927 get_leaves:52 Trying leaf 2
2023-05-27 14:36:14,113 get_leaves:52 Trying leaf 3
2023-05-27 14:36:14,299 get_leaves:52 Trying leaf 4
2023-05-27 14:36:14,486 rescanLeaves:63 Found 1 leaves
2023-05-27 14:36:15,593 leafSelected:69 Selected leaf: 0
2023-05-27 14:39:57,377 rescanPort:58 Val: False
2023-05-27 14:39:57,377 rescanPort:59 Found 1 COM ports
2023-05-27 14:39:57,377 rescanLeaves:65 Selected port: COM3
2023-05-27 14:39:57,377 get_leaves:39 Discovering leaves on port COM3
2023-05-27 14:39:57,739 get_leaves:52 Trying leaf 0
2023-05-27 14:39:57,742 get_leaves:52 Trying leaf 1
2023-05-27 14:39:57,921 get_leaves:52 Trying leaf 2
2023-05-27 14:39:58,107 get_leaves:52 Trying leaf 3
2023-05-27 14:39:58,294 get_leaves:52 Trying leaf 4
2023-05-27 14:39:58,481 rescanLeaves:67 Found 1 leaves
2023-05-27 14:40:03,070 rescanPort:58 Val: False
2023-05-27 14:40:03,071 rescanPort:59 Found 0 COM ports
2023-05-27 14:40:03,071 rescanLeaves:65 Selected port: 
2023-05-27 14:40:03,071 get_leaves:39 Discovering leaves on port 
2023-05-27 14:40:08,083 rescanPort:58 Val: False
2023-05-27 14:40:08,083 rescanPort:59 Found 0 COM ports
2023-05-27 14:40:11,264 rescanPort:58 Val: False
2023-05-27 14:40:11,264 rescanPort:59 Found 0 COM ports
2023-05-27 14:40:24,833 rescanPort:58 Val: False
2023-05-27 14:40:24,833 rescanPort:59 Found 1 COM ports
2023-05-27 14:40:24,834 rescanLeaves:65 Selected port: COM3
2023-05-27 14:40:24,834 get_leaves:39 Discovering leaves on port COM3
2023-05-27 14:40:25,196 get_leaves:52 Trying leaf 0
2023-05-27 14:40:25,198 get_leaves:52 Trying leaf 1
2023-05-27 14:40:25,374 get_leaves:52 Trying leaf 2
2023-05-27 14:40:25,561 get_leaves:52 Trying leaf 3
2023-05-27 14:40:25,747 get_leaves:52 Trying leaf 4
2023-05-27 14:40:25,934 rescanLeaves:67 Found 1 leaves
2023-05-27 14:42:12,912 rescanPort:64 Val: False
2023-05-27 14:42:12,912 rescanPort:65 Found 1 COM ports
2023-05-27 14:42:12,913 rescanLeaves:71 Selected port: COM3
2023-05-27 14:42:13,047 get_leaves:39 Discovering leaves on port Serial<id=0x1667108dd80, open=True>(port='COM3', baudrate=9600, bytesize=8, parity='N', stopbits=1, timeout=None, xonxoff=False, rtscts=False, dsrdtr=False)
2023-05-27 14:42:13,281 get_leaves:52 Trying leaf 0
2023-05-27 14:42:13,284 get_leaves:52 Trying leaf 1
2023-05-27 14:42:13,467 get_leaves:52 Trying leaf 2
2023-05-27 14:42:13,652 get_leaves:52 Trying leaf 3
2023-05-27 14:42:13,836 get_leaves:52 Trying leaf 4
2023-05-27 14:42:14,023 rescanLeaves:74 Found 1 leaves
2023-05-27 14:42:15,562 rescanPort:64 Val: False
2023-05-27 14:42:15,562 rescanPort:65 Found 1 COM ports
2023-05-27 14:42:15,562 rescanLeaves:71 Selected port: 
2023-05-27 14:42:15,563 rescanLeaves:71 Selected port: COM3
2023-05-27 14:42:15,697 get_leaves:39 Discovering leaves on port Serial<id=0x1667108f160, open=True>(port='COM3', baudrate=9600, bytesize=8, parity='N', stopbits=1, timeout=None, xonxoff=False, rtscts=False, dsrdtr=False)
2023-05-27 14:42:15,925 get_leaves:52 Trying leaf 0
2023-05-27 14:42:15,928 get_leaves:52 Trying leaf 1
2023-05-27 14:42:16,104 get_leaves:52 Trying leaf 2
2023-05-27 14:42:16,289 get_leaves:52 Trying leaf 3
2023-05-27 14:42:16,475 get_leaves:52 Trying leaf 4
2023-05-27 14:42:16,663 rescanLeaves:74 Found 1 leaves
2023-05-27 14:42:19,892 rescanLeaves:71 Selected port: False
2023-05-27 14:42:23,451 rescanLeaves:71 Selected port: False
2023-05-27 14:42:43,960 rescanPort:64 Val: False
2023-05-27 14:42:43,960 rescanPort:65 Found 1 COM ports
2023-05-27 14:42:43,961 rescanLeaves:71 Selected port: COM3
2023-05-27 14:42:44,095 get_leaves:39 Discovering leaves on port Serial<id=0x1daa9f85f00, open=True>(port='COM3', baudrate=9600, bytesize=8, parity='N', stopbits=1, timeout=None, xonxoff=False, rtscts=False, dsrdtr=False)
2023-05-27 14:42:44,323 get_leaves:52 Trying leaf 0
2023-05-27 14:42:44,326 get_leaves:52 Trying leaf 1
2023-05-27 14:42:44,503 get_leaves:52 Trying leaf 2
2023-05-27 14:42:44,690 get_leaves:52 Trying leaf 3
2023-05-27 14:42:44,874 get_leaves:52 Trying leaf 4
2023-05-27 14:42:45,062 rescanLeaves:78 Found 1 leaves
2023-05-27 14:42:45,680 rescanLeaves:71 Selected port: False
2023-05-27 14:42:45,817 get_leaves:39 Discovering leaves on port Serial<id=0x1daa9f87c10, open=True>(port='COM3', baudrate=9600, bytesize=8, parity='N', stopbits=1, timeout=None, xonxoff=False, rtscts=False, dsrdtr=False)
2023-05-27 14:42:46,046 get_leaves:52 Trying leaf 0
2023-05-27 14:42:46,049 get_leaves:52 Trying leaf 1
2023-05-27 14:42:46,227 get_leaves:52 Trying leaf 2
2023-05-27 14:42:46,410 get_leaves:52 Trying leaf 3
2023-05-27 14:42:46,597 get_leaves:52 Trying leaf 4
2023-05-27 14:42:46,782 rescanLeaves:78 Found 1 leaves
2023-05-27 14:42:47,418 rescanLeaves:71 Selected port: False
2023-05-27 14:42:47,555 get_leaves:39 Discovering leaves on port Serial<id=0x1daa9f872b0, open=True>(port='COM3', baudrate=9600, bytesize=8, parity='N', stopbits=1, timeout=None, xonxoff=False, rtscts=False, dsrdtr=False)
2023-05-27 14:42:47,789 get_leaves:52 Trying leaf 0
2023-05-27 14:42:47,792 get_leaves:52 Trying leaf 1
2023-05-27 14:42:47,979 get_leaves:52 Trying leaf 2
2023-05-27 14:42:48,165 get_leaves:52 Trying leaf 3
2023-05-27 14:42:48,351 get_leaves:52 Trying leaf 4
2023-05-27 14:42:48,538 rescanLeaves:78 Found 1 leaves
2023-05-27 14:57:21,556 rescanPort:70 Val: False
2023-05-27 14:58:09,418 rescanPort:70 Val: False
2023-05-27 14:58:09,419 rescanPort:71 Found 1 COM ports
2023-05-27 14:58:09,419 rescanLeaves:77 Selected port: COM3
2023-05-27 14:58:09,554 get_leaves:39 Discovering leaves on port Serial<id=0x260c2986740, open=True>(port='COM3', baudrate=9600, bytesize=8, parity='N', stopbits=1, timeout=None, xonxoff=False, rtscts=False, dsrdtr=False)
2023-05-27 14:58:09,788 get_leaves:52 Trying leaf 0
2023-05-27 14:58:09,792 get_leaves:52 Trying leaf 1
2023-05-27 14:58:09,979 get_leaves:52 Trying leaf 2
2023-05-27 14:58:10,167 get_leaves:52 Trying leaf 3
2023-05-27 14:58:10,352 get_leaves:52 Trying leaf 4
2023-05-27 14:58:10,543 rescanLeaves:84 Found 1 leaves
2023-05-27 14:58:20,943 leafSelected:90 Selected leaf: 0
2023-05-27 14:58:28,282 rescanPort:70 Val: False
2023-05-27 14:58:28,282 rescanPort:71 Found 1 COM ports
2023-05-27 14:58:28,283 rescanLeaves:77 Selected port: COM3
2023-05-27 14:58:28,418 get_leaves:39 Discovering leaves on port Serial<id=0x1c549b86740, open=True>(port='COM3', baudrate=9600, bytesize=8, parity='N', stopbits=1, timeout=None, xonxoff=False, rtscts=False, dsrdtr=False)
2023-05-27 14:58:28,652 get_leaves:52 Trying leaf 0
2023-05-27 14:58:28,656 get_leaves:52 Trying leaf 1
2023-05-27 14:58:28,830 get_leaves:52 Trying leaf 2
2023-05-27 14:58:29,018 get_leaves:52 Trying leaf 3
2023-05-27 14:58:29,202 get_leaves:52 Trying leaf 4
2023-05-27 14:58:29,390 rescanLeaves:84 Found 1 leaves
2023-05-27 15:03:58,382 rescanPort:55 Val: False
2023-05-27 15:03:58,382 rescanPort:56 Found 1 COM ports
2023-05-27 15:03:58,383 rescanLeaves:62 Selected port: COM3
2023-05-27 15:03:58,521 get_leaves:39 Discovering leaves on port Serial<id=0x12be9b89a50, open=True>(port='COM3', baudrate=9600, bytesize=8, parity='N', stopbits=1, timeout=None, xonxoff=False, rtscts=False, dsrdtr=False)
2023-05-27 15:03:58,755 get_leaves:52 Trying leaf 0
2023-05-27 15:03:58,757 get_leaves:52 Trying leaf 1
2023-05-27 15:03:58,940 get_leaves:52 Trying leaf 2
2023-05-27 15:03:59,126 get_leaves:52 Trying leaf 3
2023-05-27 15:03:59,313 get_leaves:52 Trying leaf 4
2023-05-27 15:03:59,499 rescanLeaves:69 Found 1 leaves
2023-05-27 15:04:02,155 rescanLeaves:62 Selected port: False
2023-05-27 15:04:02,293 get_leaves:39 Discovering leaves on port Serial<id=0x12be9b8b730, open=True>(port='COM3', baudrate=9600, bytesize=8, parity='N', stopbits=1, timeout=None, xonxoff=False, rtscts=False, dsrdtr=False)
2023-05-27 15:04:02,533 get_leaves:52 Trying leaf 0
2023-05-27 15:04:02,536 get_leaves:52 Trying leaf 1
2023-05-27 15:04:02,724 get_leaves:52 Trying leaf 2
2023-05-27 15:04:02,911 get_leaves:52 Trying leaf 3
2023-05-27 15:04:03,098 get_leaves:52 Trying leaf 4
2023-05-27 15:04:03,284 rescanLeaves:69 Found 1 leaves
2023-05-27 15:04:34,631 rescanPort:55 Val: False
2023-05-27 15:04:34,631 rescanPort:56 Found 1 COM ports
2023-05-27 15:04:34,632 rescanLeaves:62 Selected port: COM3
2023-05-27 15:04:34,770 get_leaves:39 Discovering leaves on port Serial<id=0x203df689a50, open=True>(port='COM3', baudrate=9600, bytesize=8, parity='N', stopbits=1, timeout=None, xonxoff=False, rtscts=False, dsrdtr=False)
2023-05-27 15:04:35,004 get_leaves:52 Trying leaf 0
2023-05-27 15:04:35,007 get_leaves:52 Trying leaf 1
2023-05-27 15:04:35,190 get_leaves:52 Trying leaf 2
2023-05-27 15:04:35,376 get_leaves:52 Trying leaf 3
2023-05-27 15:04:35,563 get_leaves:52 Trying leaf 4
2023-05-27 15:04:35,751 rescanLeaves:69 Found 1 leaves
2023-05-27 15:04:36,454 leafSelected:75 Selected leaf: 0
2023-05-27 15:25:09,881 rescanPort:64 Val: False
2023-05-27 15:25:09,881 rescanPort:65 Found 1 COM ports
2023-05-27 15:25:09,882 rescanLeaves:71 Selected port: COM3
2023-05-27 15:25:10,016 get_leaves:39 Discovering leaves on port Serial<id=0x23912186380, open=True>(port='COM3', baudrate=9600, bytesize=8, parity='N', stopbits=1, timeout=None, xonxoff=False, rtscts=False, dsrdtr=False)
2023-05-27 15:25:10,244 get_leaves:52 Trying leaf 0
2023-05-27 15:25:10,247 get_leaves:52 Trying leaf 1
2023-05-27 15:25:10,424 get_leaves:52 Trying leaf 2
2023-05-27 15:25:10,611 get_leaves:52 Trying leaf 3
2023-05-27 15:25:10,798 get_leaves:52 Trying leaf 4
2023-05-27 15:25:10,985 rescanLeaves:78 Found 1 leaves
2023-05-27 15:25:11,145 rescanPort:64 Val: False
2023-05-27 15:25:11,145 rescanPort:65 Found 1 COM ports
2023-05-27 15:25:11,145 rescanLeaves:71 Selected port: 
2023-05-27 15:25:11,146 rescanLeaves:71 Selected port: COM3
2023-05-27 15:25:11,284 get_leaves:39 Discovering leaves on port Serial<id=0x239121872e0, open=True>(port='COM3', baudrate=9600, bytesize=8, parity='N', stopbits=1, timeout=None, xonxoff=False, rtscts=False, dsrdtr=False)
2023-05-27 15:25:11,518 get_leaves:52 Trying leaf 0
2023-05-27 15:25:11,521 get_leaves:52 Trying leaf 1
2023-05-27 15:25:11,705 get_leaves:52 Trying leaf 2
2023-05-27 15:25:11,891 get_leaves:52 Trying leaf 3
2023-05-27 15:25:12,076 get_leaves:52 Trying leaf 4
2023-05-27 15:25:12,264 rescanLeaves:78 Found 1 leaves
2023-05-27 15:25:24,413 rescanLeaves:71 Selected port: False
2023-05-27 15:25:24,551 get_leaves:39 Discovering leaves on port Serial<id=0x23912187340, open=True>(port='COM3', baudrate=9600, bytesize=8, parity='N', stopbits=1, timeout=None, xonxoff=False, rtscts=False, dsrdtr=False)
2023-05-27 15:25:24,779 get_leaves:52 Trying leaf 0
2023-05-27 15:25:24,781 get_leaves:52 Trying leaf 1
2023-05-27 15:25:24,961 get_leaves:52 Trying leaf 2
2023-05-27 15:25:25,149 get_leaves:52 Trying leaf 3
2023-05-27 15:25:25,337 get_leaves:52 Trying leaf 4
2023-05-27 15:25:25,525 rescanLeaves:78 Found 1 leaves
2023-05-27 15:25:55,382 rescanPort:65 Val: False
2023-05-27 15:25:55,382 rescanPort:66 Found 1 COM ports
2023-05-27 15:25:55,382 rescanLeaves:72 Selected port: COM3
2023-05-27 15:25:55,517 get_leaves:39 Discovering leaves on port Serial<id=0x1b7e327a470, open=True>(port='COM3', baudrate=9600, bytesize=8, parity='N', stopbits=1, timeout=None, xonxoff=False, rtscts=False, dsrdtr=False)
2023-05-27 15:25:55,751 get_leaves:52 Trying leaf 0
2023-05-27 15:25:55,753 get_leaves:52 Trying leaf 1
2023-05-27 15:25:55,939 get_leaves:52 Trying leaf 2
2023-05-27 15:25:56,126 get_leaves:52 Trying leaf 3
2023-05-27 15:25:56,313 get_leaves:52 Trying leaf 4
2023-05-27 15:25:56,500 rescanLeaves:79 Found 1 leaves
2023-05-27 15:26:00,870 leafSelected:85 Selected leaf: 0
2023-05-27 15:28:40,265 __init__:55 Xerxes memory: ['__class__', '__delattr__', '__dict__', '__dir__', '__doc__', '__eq__', '__format__', '__ge__', '__getattribute__', '__getstate__', '__gt__', '__hash__', '__init__', '__init_subclass__', '__le__', '__lt__', '__module__', '__ne__', '__new__', '__reduce__', '__reduce_ex__', '__repr__', '__setattr__', '__sizeof__', '__str__', '__subclasshook__', '__weakref__', 'desired_cycle_time_us', 'device_address', 'device_config', 'device_error', 'device_status', 'device_uid', 'dv0', 'dv1', 'dv2', 'dv3', 'gain_pv0', 'gain_pv1', 'gain_pv2', 'gain_pv3', 'max_pv0', 'max_pv1', 'max_pv2', 'max_pv3', 'mean_pv0', 'mean_pv1', 'mean_pv2', 'mean_pv3', 'memory_lock', 'min_pv0', 'min_pv1', 'min_pv2', 'min_pv3', 'net_cycle_time_us', 'offset_pv0', 'offset_pv1', 'offset_pv2', 'offset_pv3', 'pv0', 'pv1', 'pv2', 'pv3', 'std_dev_pv0', 'std_dev_pv1', 'std_dev_pv2', 'std_dev_pv3']
2023-05-27 20:46:10,395 rescanPort:71 Val: False
2023-05-27 20:46:10,395 rescanPort:72 Found 1 COM ports
2023-05-27 20:46:10,396 rescanLeaves:78 Selected port: COM3
2023-05-27 20:46:10,530 get_leaves:39 Discovering leaves on port Serial<id=0x1f7a167a860, open=True>(port='COM3', baudrate=9600, bytesize=8, parity='N', stopbits=1, timeout=None, xonxoff=False, rtscts=False, dsrdtr=False)
2023-05-27 20:46:10,764 get_leaves:52 Trying leaf 0
2023-05-27 20:46:10,950 get_leaves:52 Trying leaf 1
2023-05-27 20:46:11,137 get_leaves:52 Trying leaf 2
2023-05-27 20:46:11,326 get_leaves:52 Trying leaf 3
2023-05-27 20:46:11,513 get_leaves:52 Trying leaf 4
2023-05-27 20:46:11,700 rescanLeaves:85 Found 0 leaves
2023-05-27 20:48:35,559 rescanPort:71 Val: False
2023-05-27 20:48:35,560 rescanPort:72 Found 1 COM ports
2023-05-27 20:48:35,560 rescanLeaves:78 Selected port: COM3
2023-05-27 20:48:35,695 get_leaves:39 Discovering leaves on port Serial<id=0x17fb747a860, open=True>(port='COM3', baudrate=9600, bytesize=8, parity='N', stopbits=1, timeout=None, xonxoff=False, rtscts=False, dsrdtr=False)
2023-05-27 20:48:35,929 get_leaves:52 Trying leaf 0
2023-05-27 20:48:36,116 get_leaves:52 Trying leaf 1
2023-05-27 20:48:36,303 get_leaves:52 Trying leaf 2
2023-05-27 20:48:36,491 get_leaves:52 Trying leaf 3
2023-05-27 20:48:36,676 get_leaves:52 Trying leaf 4
2023-05-27 20:48:36,864 rescanLeaves:85 Found 0 leaves
2023-05-27 20:48:43,297 rescanPort:71 Val: False
2023-05-27 20:48:43,298 rescanPort:72 Found 1 COM ports
2023-05-27 20:48:43,298 rescanLeaves:78 Selected port: 
2023-05-27 20:48:43,299 rescanLeaves:78 Selected port: COM3
2023-05-27 20:48:43,434 get_leaves:39 Discovering leaves on port Serial<id=0x17fb747b7c0, open=True>(port='COM3', baudrate=9600, bytesize=8, parity='N', stopbits=1, timeout=None, xonxoff=False, rtscts=False, dsrdtr=False)
2023-05-27 20:48:43,656 get_leaves:52 Trying leaf 0
2023-05-27 20:48:43,660 get_leaves:52 Trying leaf 1
2023-05-27 20:48:43,843 get_leaves:52 Trying leaf 2
2023-05-27 20:48:44,029 get_leaves:52 Trying leaf 3
2023-05-27 20:48:44,217 get_leaves:52 Trying leaf 4
2023-05-27 20:48:44,405 rescanLeaves:85 Found 1 leaves
2023-05-27 20:48:45,454 leafSelected:91 Selected leaf: 0
2023-05-27 20:56:39,064 rescanPort:71 Val: False
2023-05-27 20:56:39,064 rescanPort:72 Found 1 COM ports
2023-05-27 20:56:39,065 rescanLeaves:78 Selected port: COM3
2023-05-27 20:56:39,198 get_leaves:39 Discovering leaves on port Serial<id=0x2773dd7e860, open=True>(port='COM3', baudrate=9600, bytesize=8, parity='N', stopbits=1, timeout=None, xonxoff=False, rtscts=False, dsrdtr=False)
2023-05-27 20:56:39,433 get_leaves:52 Trying leaf 0
2023-05-27 20:56:39,435 get_leaves:52 Trying leaf 1
2023-05-27 20:56:39,619 get_leaves:52 Trying leaf 2
2023-05-27 20:56:39,806 get_leaves:52 Trying leaf 3
2023-05-27 20:56:39,994 get_leaves:52 Trying leaf 4
2023-05-27 20:56:40,183 rescanLeaves:85 Found 1 leaves
2023-05-27 20:56:41,602 leafSelected:91 Selected leaf: 0
2023-05-27 20:56:42,904 leafSelected:91 Selected leaf: 0
2023-05-27 21:10:33,844 rescanPort:73 Val: False
2023-05-27 21:10:33,844 rescanPort:74 Found 1 COM ports
2023-05-27 21:10:33,845 rescanLeaves:80 Selected port: COM3
2023-05-27 21:10:33,979 get_leaves:39 Discovering leaves on port Serial<id=0x1da5f17aa10, open=True>(port='COM3', baudrate=9600, bytesize=8, parity='N', stopbits=1, timeout=None, xonxoff=False, rtscts=False, dsrdtr=False)
2023-05-27 21:10:34,207 get_leaves:52 Trying leaf 0
2023-05-27 21:10:34,210 get_leaves:52 Trying leaf 1
2023-05-27 21:10:34,397 get_leaves:52 Trying leaf 2
2023-05-27 21:10:34,585 get_leaves:52 Trying leaf 3
2023-05-27 21:10:34,773 get_leaves:52 Trying leaf 4
2023-05-27 21:10:34,963 rescanLeaves:87 Found 1 leaves
2023-05-27 21:10:35,132 rescanPort:73 Val: False
2023-05-27 21:10:35,132 rescanPort:74 Found 1 COM ports
2023-05-27 21:10:35,132 rescanLeaves:80 Selected port: 
2023-05-27 21:10:35,133 rescanLeaves:80 Selected port: COM3
2023-05-27 21:10:35,267 get_leaves:39 Discovering leaves on port Serial<id=0x1da5f224e20, open=True>(port='COM3', baudrate=9600, bytesize=8, parity='N', stopbits=1, timeout=None, xonxoff=False, rtscts=False, dsrdtr=False)
2023-05-27 21:10:35,501 get_leaves:52 Trying leaf 0
2023-05-27 21:10:35,504 get_leaves:52 Trying leaf 1
2023-05-27 21:10:35,683 get_leaves:52 Trying leaf 2
2023-05-27 21:10:35,870 get_leaves:52 Trying leaf 3
2023-05-27 21:10:36,059 get_leaves:52 Trying leaf 4
2023-05-27 21:10:36,242 rescanLeaves:87 Found 1 leaves
2023-05-27 21:10:37,605 leafSelected:93 Selected leaf: 0
2023-05-27 21:11:13,783 rescanPort:73 Val: False
2023-05-27 21:11:13,783 rescanPort:74 Found 1 COM ports
2023-05-27 21:11:13,784 rescanLeaves:80 Selected port: COM3
2023-05-27 21:11:13,918 get_leaves:39 Discovering leaves on port Serial<id=0x20eea97b370, open=True>(port='COM3', baudrate=9600, bytesize=8, parity='N', stopbits=1, timeout=None, xonxoff=False, rtscts=False, dsrdtr=False)
2023-05-27 21:11:14,158 get_leaves:52 Trying leaf 0
2023-05-27 21:11:14,161 get_leaves:52 Trying leaf 1
2023-05-27 21:11:14,352 get_leaves:52 Trying leaf 2
2023-05-27 21:11:14,541 get_leaves:52 Trying leaf 3
2023-05-27 21:11:14,729 get_leaves:52 Trying leaf 4
2023-05-27 21:11:14,917 rescanLeaves:87 Found 1 leaves
2023-05-27 21:11:16,436 leafSelected:93 Selected leaf: 0
2023-05-27 21:11:52,005 rescanPort:73 Val: False
2023-05-27 21:11:52,005 rescanPort:74 Found 1 COM ports
2023-05-27 21:11:52,006 rescanLeaves:80 Selected port: COM3
2023-05-27 21:11:52,140 get_leaves:39 Discovering leaves on port Serial<id=0x2b121a7ada0, open=True>(port='COM3', baudrate=9600, bytesize=8, parity='N', stopbits=1, timeout=None, xonxoff=False, rtscts=False, dsrdtr=False)
2023-05-27 21:11:52,374 get_leaves:52 Trying leaf 0
2023-05-27 21:11:52,376 get_leaves:52 Trying leaf 1
2023-05-27 21:11:52,560 get_leaves:52 Trying leaf 2
2023-05-27 21:11:52,750 get_leaves:52 Trying leaf 3
2023-05-27 21:11:52,938 get_leaves:52 Trying leaf 4
2023-05-27 21:11:53,126 rescanLeaves:87 Found 1 leaves
2023-05-27 21:11:54,340 leafSelected:93 Selected leaf: 0
2023-05-27 21:11:59,938 rescanLeaves:80 Selected port: False
2023-05-27 21:12:00,076 get_leaves:39 Discovering leaves on port Serial<id=0x2b121a7a1d0, open=True>(port='COM3', baudrate=9600, bytesize=8, parity='N', stopbits=1, timeout=None, xonxoff=False, rtscts=False, dsrdtr=False)
2023-05-27 21:12:00,316 get_leaves:52 Trying leaf 0
2023-05-27 21:12:00,318 get_leaves:52 Trying leaf 1
2023-05-27 21:12:00,510 get_leaves:52 Trying leaf 2
2023-05-27 21:12:00,697 get_leaves:52 Trying leaf 3
2023-05-27 21:12:00,886 get_leaves:52 Trying leaf 4
2023-05-27 21:12:01,075 rescanLeaves:87 Found 1 leaves
2023-05-27 21:12:05,157 leafSelected:93 Selected leaf: 0
2023-05-27 21:12:06,042 leafSelected:93 Selected leaf: 0
2023-05-27 21:12:07,598 leafSelected:93 Selected leaf: 0
2023-05-27 21:16:46,615 rescanPort:73 Val: False
2023-05-27 21:16:46,615 rescanPort:74 Found 1 COM ports
2023-05-27 21:16:46,615 rescanLeaves:80 Selected port: COM3
2023-05-27 21:16:46,750 get_leaves:39 Discovering leaves on port Serial<id=0x20227f7bcd0, open=True>(port='COM3', baudrate=9600, bytesize=8, parity='N', stopbits=1, timeout=None, xonxoff=False, rtscts=False, dsrdtr=False)
2023-05-27 21:16:46,990 get_leaves:52 Trying leaf 0
2023-05-27 21:16:46,993 get_leaves:52 Trying leaf 1
2023-05-27 21:16:47,186 get_leaves:52 Trying leaf 2
2023-05-27 21:16:47,376 get_leaves:52 Trying leaf 3
2023-05-27 21:16:47,561 get_leaves:52 Trying leaf 4
2023-05-27 21:16:47,750 rescanLeaves:87 Found 1 leaves
2023-05-27 21:16:49,537 leafSelected:93 Selected leaf: 0
2023-05-27 21:18:11,365 rescanPort:73 Val: False
2023-05-27 21:18:11,365 rescanPort:74 Found 1 COM ports
2023-05-27 21:18:11,366 rescanLeaves:80 Selected port: COM3
2023-05-27 21:18:11,500 get_leaves:39 Discovering leaves on port Serial<id=0x1e098d7ab90, open=True>(port='COM3', baudrate=9600, bytesize=8, parity='N', stopbits=1, timeout=None, xonxoff=False, rtscts=False, dsrdtr=False)
2023-05-27 21:18:11,734 get_leaves:52 Trying leaf 0
2023-05-27 21:18:11,737 get_leaves:52 Trying leaf 1
2023-05-27 21:18:11,916 get_leaves:52 Trying leaf 2
2023-05-27 21:18:12,103 get_leaves:52 Trying leaf 3
2023-05-27 21:18:12,289 get_leaves:52 Trying leaf 4
2023-05-27 21:18:12,477 rescanLeaves:87 Found 1 leaves
2023-05-27 21:18:14,060 leafSelected:93 Selected leaf: 0
2023-05-27 21:18:46,021 rescanPort:73 Val: False
2023-05-27 21:18:46,021 rescanPort:74 Found 1 COM ports
2023-05-27 21:18:46,022 rescanLeaves:80 Selected port: COM3
2023-05-27 21:18:46,156 get_leaves:39 Discovering leaves on port Serial<id=0x229d537ab90, open=True>(port='COM3', baudrate=9600, bytesize=8, parity='N', stopbits=1, timeout=None, xonxoff=False, rtscts=False, dsrdtr=False)
2023-05-27 21:18:46,396 get_leaves:52 Trying leaf 0
2023-05-27 21:18:46,399 get_leaves:52 Trying leaf 1
2023-05-27 21:18:46,586 get_leaves:52 Trying leaf 2
2023-05-27 21:18:46,773 get_leaves:52 Trying leaf 3
2023-05-27 21:18:46,961 get_leaves:52 Trying leaf 4
2023-05-27 21:18:47,148 rescanLeaves:87 Found 1 leaves
2023-05-27 21:18:47,986 leafSelected:93 Selected leaf: 0
2023-05-27 21:19:10,207 rescanPort:73 Val: False
2023-05-27 21:19:10,207 rescanPort:74 Found 1 COM ports
2023-05-27 21:19:10,208 rescanLeaves:80 Selected port: COM3
2023-05-27 21:19:10,342 get_leaves:39 Discovering leaves on port Serial<id=0x294d917ab90, open=True>(port='COM3', baudrate=9600, bytesize=8, parity='N', stopbits=1, timeout=None, xonxoff=False, rtscts=False, dsrdtr=False)
2023-05-27 21:19:10,576 get_leaves:52 Trying leaf 0
2023-05-27 21:19:10,579 get_leaves:52 Trying leaf 1
2023-05-27 21:19:10,756 get_leaves:52 Trying leaf 2
2023-05-27 21:19:10,940 get_leaves:52 Trying leaf 3
2023-05-27 21:19:11,129 get_leaves:52 Trying leaf 4
2023-05-27 21:19:11,316 rescanLeaves:87 Found 1 leaves
2023-05-27 21:19:12,275 leafSelected:93 Selected leaf: 0
2023-05-27 21:19:38,019 rescanPort:73 Val: False
2023-05-27 21:19:38,019 rescanPort:74 Found 1 COM ports
2023-05-27 21:19:38,019 rescanLeaves:80 Selected port: COM3
2023-05-27 21:19:38,154 get_leaves:39 Discovering leaves on port Serial<id=0x23e5907ab90, open=True>(port='COM3', baudrate=9600, bytesize=8, parity='N', stopbits=1, timeout=None, xonxoff=False, rtscts=False, dsrdtr=False)
2023-05-27 21:19:38,394 get_leaves:52 Trying leaf 0
2023-05-27 21:19:38,397 get_leaves:52 Trying leaf 1
2023-05-27 21:19:38,581 get_leaves:52 Trying leaf 2
2023-05-27 21:19:38,767 get_leaves:52 Trying leaf 3
2023-05-27 21:19:38,956 get_leaves:52 Trying leaf 4
2023-05-27 21:19:39,143 rescanLeaves:87 Found 1 leaves
2023-05-27 21:19:40,663 rescanLeaves:80 Selected port: False
2023-05-27 21:19:40,801 get_leaves:39 Discovering leaves on port Serial<id=0x23e5907bb80, open=True>(port='COM3', baudrate=9600, bytesize=8, parity='N', stopbits=1, timeout=None, xonxoff=False, rtscts=False, dsrdtr=False)
2023-05-27 21:19:41,041 get_leaves:52 Trying leaf 0
2023-05-27 21:19:41,044 get_leaves:52 Trying leaf 1
2023-05-27 21:19:41,233 get_leaves:52 Trying leaf 2
2023-05-27 21:19:41,420 get_leaves:52 Trying leaf 3
2023-05-27 21:19:41,607 get_leaves:52 Trying leaf 4
2023-05-27 21:19:41,793 rescanLeaves:87 Found 1 leaves
2023-05-27 21:19:45,855 leafSelected:93 Selected leaf: 0
2023-05-27 21:20:08,850 rescanPort:73 Val: False
2023-05-27 21:20:08,851 rescanPort:74 Found 1 COM ports
2023-05-27 21:20:08,851 rescanLeaves:80 Selected port: COM3
2023-05-27 21:20:08,985 get_leaves:39 Discovering leaves on port Serial<id=0x211b957ab90, open=True>(port='COM3', baudrate=9600, bytesize=8, parity='N', stopbits=1, timeout=None, xonxoff=False, rtscts=False, dsrdtr=False)
2023-05-27 21:20:09,213 get_leaves:52 Trying leaf 0
2023-05-27 21:20:09,216 get_leaves:52 Trying leaf 1
2023-05-27 21:20:09,408 get_leaves:52 Trying leaf 2
2023-05-27 21:20:09,593 get_leaves:52 Trying leaf 3
2023-05-27 21:20:09,780 get_leaves:52 Trying leaf 4
2023-05-27 21:20:09,968 rescanLeaves:87 Found 1 leaves
2023-05-27 21:20:10,271 leafSelected:93 Selected leaf: 0
2023-05-27 21:20:15,717 rescanLeaves:80 Selected port: False
2023-05-27 21:20:15,855 get_leaves:39 Discovering leaves on port Serial<id=0x211b9821090, open=True>(port='COM3', baudrate=9600, bytesize=8, parity='N', stopbits=1, timeout=None, xonxoff=False, rtscts=False, dsrdtr=False)
2023-05-27 21:20:16,089 get_leaves:52 Trying leaf 0
2023-05-27 21:20:16,091 get_leaves:52 Trying leaf 1
2023-05-27 21:20:16,270 get_leaves:52 Trying leaf 2
2023-05-27 21:20:16,457 get_leaves:52 Trying leaf 3
2023-05-27 21:20:16,643 get_leaves:52 Trying leaf 4
2023-05-27 21:20:16,831 rescanLeaves:87 Found 1 leaves
2023-05-27 21:20:20,389 leafSelected:93 Selected leaf: 0
2023-05-27 21:20:23,402 leafSelected:93 Selected leaf: 0
2023-05-27 21:20:24,608 leafSelected:93 Selected leaf: 0
2023-05-27 21:20:26,300 rescanLeaves:80 Selected port: False
2023-05-27 21:20:26,438 get_leaves:39 Discovering leaves on port Serial<id=0x211b9821480, open=True>(port='COM3', baudrate=9600, bytesize=8, parity='N', stopbits=1, timeout=None, xonxoff=False, rtscts=False, dsrdtr=False)
2023-05-27 21:20:26,666 get_leaves:52 Trying leaf 0
2023-05-27 21:20:26,668 get_leaves:52 Trying leaf 1
2023-05-27 21:20:26,848 get_leaves:52 Trying leaf 2
2023-05-27 21:20:27,034 get_leaves:52 Trying leaf 3
2023-05-27 21:20:27,222 get_leaves:52 Trying leaf 4
2023-05-27 21:20:27,410 rescanLeaves:87 Found 1 leaves
2023-05-27 21:20:28,772 leafSelected:93 Selected leaf: 0
2023-05-27 21:27:58,968 rescanPort:74 Val: False
2023-05-27 21:27:58,969 rescanPort:75 Found 1 COM ports
2023-05-27 21:27:58,969 rescanLeaves:103 Selected port: COM3
2023-05-27 21:27:59,103 _get_leaves:83 Discovering leaves on port Serial<id=0x279792188e0, open=True>(port='COM3', baudrate=9600, bytesize=8, parity='N', stopbits=1, timeout=None, xonxoff=False, rtscts=False, dsrdtr=False)
2023-05-27 21:30:53,820 rescanPort:74 Val: False
2023-05-27 21:30:53,821 rescanPort:75 Found 1 COM ports
2023-05-27 21:30:53,821 rescanLeaves:103 Selected port: COM3
2023-05-27 21:30:53,955 _get_leaves:83 Discovering leaves on port Serial<id=0x2a5bc618940, open=True>(port='COM3', baudrate=9600, bytesize=8, parity='N', stopbits=1, timeout=None, xonxoff=False, rtscts=False, dsrdtr=False)
2023-05-27 21:30:54,189 _get_leaves:96 Trying leaf 0
2023-05-27 21:30:54,192 _get_leaves:96 Trying leaf 1
2023-05-27 21:30:54,315 _get_leaves:96 Trying leaf 2
2023-05-27 21:30:54,437 _get_leaves:96 Trying leaf 3
2023-05-27 21:30:54,560 _get_leaves:96 Trying leaf 4
2023-05-27 21:31:05,794 rescanPort:74 Val: False
2023-05-27 21:31:05,795 rescanPort:75 Found 1 COM ports
2023-05-27 21:31:05,795 rescanLeaves:103 Selected port: COM3
2023-05-27 21:31:05,929 _get_leaves:83 Discovering leaves on port Serial<id=0x26ae4218940, open=True>(port='COM3', baudrate=9600, bytesize=8, parity='N', stopbits=1, timeout=None, xonxoff=False, rtscts=False, dsrdtr=False)
2023-05-27 21:31:06,157 _get_leaves:96 Trying leaf 0
2023-05-27 21:31:06,160 _get_leaves:96 Trying leaf 1
2023-05-27 21:31:06,281 _get_leaves:96 Trying leaf 2
2023-05-27 21:31:06,403 _get_leaves:96 Trying leaf 3
2023-05-27 21:31:06,526 _get_leaves:96 Trying leaf 4
2023-05-27 21:37:34,407 rescanPort:83 Val: False
2023-05-27 21:37:34,407 rescanPort:84 Found 1 COM ports
2023-05-27 21:37:34,408 rescanLeaves:113 Selected port: COM3
2023-05-27 21:37:34,542 _get_leaves:93 Discovering leaves on port Serial<id=0x140e1dac460, open=True>(port='COM3', baudrate=9600, bytesize=8, parity='N', stopbits=1, timeout=None, xonxoff=False, rtscts=False, dsrdtr=False)
2023-05-27 21:37:34,782 _get_leaves:106 Trying leaf 0
2023-05-27 21:37:34,785 _get_leaves:106 Trying leaf 1
2023-05-27 21:37:34,972 _get_leaves:106 Trying leaf 2
2023-05-27 21:37:35,158 _get_leaves:106 Trying leaf 3
2023-05-27 21:37:35,347 _get_leaves:106 Trying leaf 4
2023-05-27 21:37:36,427 rescanPort:83 Val: False
2023-05-27 21:37:36,427 rescanPort:84 Found 0 COM ports
2023-05-27 21:37:36,428 rescanLeaves:113 Selected port: 
2023-05-27 21:37:39,682 rescanPort:83 Val: False
2023-05-27 21:37:39,682 rescanPort:84 Found 0 COM ports
2023-05-27 21:37:41,198 rescanPort:83 Val: False
2023-05-27 21:37:41,198 rescanPort:84 Found 0 COM ports
2023-05-27 21:37:42,056 rescanPort:83 Val: False
2023-05-27 21:37:42,056 rescanPort:84 Found 0 COM ports
2023-05-27 21:37:47,546 rescanPort:83 Val: False
2023-05-27 21:37:47,546 rescanPort:84 Found 0 COM ports
2023-05-27 21:41:06,955 rescanPort:84 Val: False
2023-05-27 21:41:06,955 rescanPort:85 Found 1 COM ports
2023-05-27 21:41:06,956 rescanLeaves:114 Selected port: COM3
2023-05-27 21:41:07,090 _get_leaves:94 Discovering leaves on port Serial<id=0x1bfefbac4c0, open=True>(port='COM3', baudrate=9600, bytesize=8, parity='N', stopbits=1, timeout=None, xonxoff=False, rtscts=False, dsrdtr=False)
2023-05-27 21:41:07,318 _get_leaves:107 Trying leaf 0
2023-05-27 21:41:07,321 _get_leaves:107 Trying leaf 1
2023-05-27 21:41:07,503 _get_leaves:107 Trying leaf 2
2023-05-27 21:41:07,691 _get_leaves:107 Trying leaf 3
2023-05-27 21:41:07,879 _get_leaves:107 Trying leaf 4
2023-05-27 21:41:08,998 rescanPort:84 Val: False
2023-05-27 21:41:08,999 rescanPort:85 Found 0 COM ports
2023-05-27 21:41:08,999 rescanLeaves:114 Selected port: 
2023-05-27 21:41:13,864 rescanPort:84 Val: False
2023-05-27 21:41:13,865 rescanPort:85 Found 0 COM ports
2023-05-27 21:41:14,828 rescanPort:84 Val: False
2023-05-27 21:41:14,828 rescanPort:85 Found 0 COM ports
2023-05-27 21:41:51,776 rescanPort:86 Val: False
2023-05-27 21:41:51,776 rescanPort:87 Found 1 COM ports
2023-05-27 21:41:51,777 rescanLeaves:116 Selected port: COM3
2023-05-27 21:41:51,911 _get_leaves:96 Discovering leaves on port Serial<id=0x1bef7cac5b0, open=True>(port='COM3', baudrate=9600, bytesize=8, parity='N', stopbits=1, timeout=None, xonxoff=False, rtscts=False, dsrdtr=False)
2023-05-27 21:41:52,139 _get_leaves:109 Trying leaf 0
2023-05-27 21:41:52,142 _get_leaves:109 Trying leaf 1
2023-05-27 21:41:52,321 _get_leaves:109 Trying leaf 2
2023-05-27 21:41:52,509 _get_leaves:109 Trying leaf 3
2023-05-27 21:41:52,697 _get_leaves:109 Trying leaf 4
2023-05-27 21:42:18,514 rescanPort:86 Val: False
2023-05-27 21:42:18,514 rescanPort:87 Found 1 COM ports
2023-05-27 21:42:18,514 rescanLeaves:116 Selected port: COM3
2023-05-27 21:42:18,652 _get_leaves:96 Discovering leaves on port Serial<id=0x26f493a5a50, open=True>(port='COM3', baudrate=9600, bytesize=8, parity='N', stopbits=1, timeout=None, xonxoff=False, rtscts=False, dsrdtr=False)
2023-05-27 21:42:18,886 _get_leaves:109 Trying leaf 0
2023-05-27 21:42:18,889 _get_leaves:109 Trying leaf 1
2023-05-27 21:42:19,075 _get_leaves:109 Trying leaf 2
2023-05-27 21:42:19,260 _get_leaves:109 Trying leaf 3
2023-05-27 21:42:19,446 _get_leaves:109 Trying leaf 4
2023-05-27 21:42:19,633 rescanLeaves:123 Found 1 leaves
2023-05-27 21:42:22,177 leafSelected:129 Selected leaf: 0
2023-05-27 21:43:25,647 rescanPort:86 Val: False
2023-05-27 21:43:25,647 rescanPort:87 Found 1 COM ports
2023-05-27 21:43:25,648 rescanLeaves:116 Selected port: COM3
2023-05-27 21:43:25,782 _get_leaves:96 Discovering leaves on port Serial<id=0x219906a5a50, open=True>(port='COM3', baudrate=9600, bytesize=8, parity='N', stopbits=1, timeout=None, xonxoff=False, rtscts=False, dsrdtr=False)
2023-05-27 21:43:26,016 _get_leaves:109 Trying leaf 0
2023-05-27 21:43:26,019 _get_leaves:109 Trying leaf 1
2023-05-27 21:43:26,203 _get_leaves:109 Trying leaf 2
2023-05-27 21:43:26,390 _get_leaves:109 Trying leaf 3
2023-05-27 21:43:26,578 _get_leaves:109 Trying leaf 4
2023-05-27 21:43:26,765 rescanLeaves:123 Found 1 leaves
2023-05-27 21:43:39,547 rescanPort:86 Val: False
2023-05-27 21:43:39,547 rescanPort:87 Found 1 COM ports
2023-05-27 21:43:39,547 rescanLeaves:116 Selected port: COM3
2023-05-27 21:43:39,682 _get_leaves:96 Discovering leaves on port Serial<id=0x17f2b4a5a50, open=True>(port='COM3', baudrate=9600, bytesize=8, parity='N', stopbits=1, timeout=None, xonxoff=False, rtscts=False, dsrdtr=False)
2023-05-27 21:43:39,916 _get_leaves:109 Trying leaf 0
2023-05-27 21:43:39,919 _get_leaves:109 Trying leaf 1
2023-05-27 21:43:39,977 ping:150 Timeout while waiting for ping reply, attempt 1 of 3
2023-05-27 21:43:40,039 ping:150 Timeout while waiting for ping reply, attempt 2 of 3
2023-05-27 21:43:40,101 ping:150 Timeout while waiting for ping reply, attempt 3 of 3
2023-05-27 21:43:40,101 _get_leaves:109 Trying leaf 2
2023-05-27 21:43:40,163 ping:150 Timeout while waiting for ping reply, attempt 1 of 3
2023-05-27 21:43:40,226 ping:150 Timeout while waiting for ping reply, attempt 2 of 3
2023-05-27 21:43:40,287 ping:150 Timeout while waiting for ping reply, attempt 3 of 3
2023-05-27 21:43:40,287 _get_leaves:109 Trying leaf 3
2023-05-27 21:43:40,351 ping:150 Timeout while waiting for ping reply, attempt 1 of 3
2023-05-27 21:43:40,414 ping:150 Timeout while waiting for ping reply, attempt 2 of 3
2023-05-27 21:43:40,477 ping:150 Timeout while waiting for ping reply, attempt 3 of 3
2023-05-27 21:43:40,477 _get_leaves:109 Trying leaf 4
2023-05-27 21:43:40,541 ping:150 Timeout while waiting for ping reply, attempt 1 of 3
2023-05-27 21:43:40,604 ping:150 Timeout while waiting for ping reply, attempt 2 of 3
2023-05-27 21:43:40,666 ping:150 Timeout while waiting for ping reply, attempt 3 of 3
2023-05-27 21:43:40,666 rescanLeaves:123 Found 1 leaves
2023-05-27 21:43:44,569 leafSelected:129 Selected leaf: 0
2023-05-27 21:43:48,327 fget:162 Reading memory element:device_address at address:44, type:B.
2023-05-27 21:43:48,330 fget:171 Read value: 0
2023-05-27 21:43:48,330 address:345 Setting address from: 0 to: 0.
2023-05-27 21:43:48,330 setter:189 Writing memory element:device_address at address:44, type:B, value:0.
2023-05-27 21:43:48,511 write_reg_net:296 Write successful.
2023-05-27 21:43:48,511 fget:162 Reading memory element:device_address at address:44, type:B.
2023-05-27 21:43:48,513 fget:171 Read value: 0
2023-05-27 21:43:48,513 address:349 Address set to: 0
2023-05-27 21:43:58,591 fget:162 Reading memory element:device_address at address:44, type:B.
2023-05-27 21:43:58,594 fget:171 Read value: 0
2023-05-27 21:43:58,594 address:345 Setting address from: 0 to: 0.
2023-05-27 21:43:58,594 setter:189 Writing memory element:device_address at address:44, type:B, value:0.
2023-05-27 21:43:58,774 write_reg_net:296 Write successful.
2023-05-27 21:43:58,774 fget:162 Reading memory element:device_address at address:44, type:B.
2023-05-27 21:43:58,777 fget:171 Read value: 0
2023-05-27 21:43:58,777 address:349 Address set to: 0
2023-05-27 21:44:01,231 fget:162 Reading memory element:device_address at address:44, type:B.
2023-05-27 21:44:01,234 fget:171 Read value: 0
2023-05-27 21:44:01,234 address:345 Setting address from: 0 to: 0.
2023-05-27 21:44:01,234 setter:189 Writing memory element:device_address at address:44, type:B, value:0.
2023-05-27 21:44:01,414 write_reg_net:296 Write successful.
2023-05-27 21:44:01,414 fget:162 Reading memory element:device_address at address:44, type:B.
2023-05-27 21:44:01,417 fget:171 Read value: 0
2023-05-27 21:44:01,417 address:349 Address set to: 0
2023-05-27 21:45:40,907 rescanPort:86 Val: False
2023-05-27 21:45:40,907 rescanPort:87 Found 1 COM ports
2023-05-27 21:45:40,907 rescanLeaves:116 Selected port: COM3
2023-05-27 21:45:41,042 _get_leaves:96 Discovering leaves on port Serial<id=0x194df6a5ae0, open=True>(port='COM3', baudrate=9600, bytesize=8, parity='N', stopbits=1, timeout=None, xonxoff=False, rtscts=False, dsrdtr=False)
2023-05-27 21:45:41,276 _get_leaves:109 Trying leaf 0
2023-05-27 21:45:41,278 _get_leaves:109 Trying leaf 1
2023-05-27 21:45:41,335 ping:150 Timeout while waiting for ping reply, attempt 1 of 3
2023-05-27 21:45:41,398 ping:150 Timeout while waiting for ping reply, attempt 2 of 3
2023-05-27 21:45:41,461 ping:150 Timeout while waiting for ping reply, attempt 3 of 3
2023-05-27 21:45:41,461 _get_leaves:109 Trying leaf 2
2023-05-27 21:45:41,525 ping:150 Timeout while waiting for ping reply, attempt 1 of 3
2023-05-27 21:45:41,588 ping:150 Timeout while waiting for ping reply, attempt 2 of 3
2023-05-27 21:45:41,650 ping:150 Timeout while waiting for ping reply, attempt 3 of 3
2023-05-27 21:45:41,650 _get_leaves:109 Trying leaf 3
2023-05-27 21:45:41,714 ping:150 Timeout while waiting for ping reply, attempt 1 of 3
2023-05-27 21:45:41,777 ping:150 Timeout while waiting for ping reply, attempt 2 of 3
2023-05-27 21:45:41,840 ping:150 Timeout while waiting for ping reply, attempt 3 of 3
2023-05-27 21:45:41,840 _get_leaves:109 Trying leaf 4
2023-05-27 21:45:41,904 ping:150 Timeout while waiting for ping reply, attempt 1 of 3
2023-05-27 21:45:41,966 ping:150 Timeout while waiting for ping reply, attempt 2 of 3
2023-05-27 21:45:42,029 ping:150 Timeout while waiting for ping reply, attempt 3 of 3
2023-05-27 21:45:42,029 rescanLeaves:123 Found 1 leaves
2023-05-27 21:45:44,451 leafSelected:129 Selected leaf: 0
2023-05-27 21:46:08,173 rescanPort:86 Val: False
2023-05-27 21:46:08,173 rescanPort:87 Found 1 COM ports
2023-05-27 21:46:08,174 rescanLeaves:116 Selected port: COM3
2023-05-27 21:46:08,307 _get_leaves:96 Discovering leaves on port Serial<id=0x194401a5a50, open=True>(port='COM3', baudrate=9600, bytesize=8, parity='N', stopbits=1, timeout=None, xonxoff=False, rtscts=False, dsrdtr=False)
2023-05-27 21:46:08,536 _get_leaves:109 Trying leaf 0
2023-05-27 21:46:08,538 _get_leaves:109 Trying leaf 1
2023-05-27 21:46:08,595 ping:150 Timeout while waiting for ping reply, attempt 1 of 3
2023-05-27 21:46:08,657 ping:150 Timeout while waiting for ping reply, attempt 2 of 3
2023-05-27 21:46:08,720 ping:150 Timeout while waiting for ping reply, attempt 3 of 3
2023-05-27 21:46:08,720 _get_leaves:109 Trying leaf 2
2023-05-27 21:46:08,783 ping:150 Timeout while waiting for ping reply, attempt 1 of 3
2023-05-27 21:46:08,847 ping:150 Timeout while waiting for ping reply, attempt 2 of 3
2023-05-27 21:46:08,910 ping:150 Timeout while waiting for ping reply, attempt 3 of 3
2023-05-27 21:46:08,910 _get_leaves:109 Trying leaf 3
2023-05-27 21:46:08,973 ping:150 Timeout while waiting for ping reply, attempt 1 of 3
2023-05-27 21:46:09,036 ping:150 Timeout while waiting for ping reply, attempt 2 of 3
2023-05-27 21:46:09,098 ping:150 Timeout while waiting for ping reply, attempt 3 of 3
2023-05-27 21:46:09,098 _get_leaves:109 Trying leaf 4
2023-05-27 21:46:09,160 ping:150 Timeout while waiting for ping reply, attempt 1 of 3
2023-05-27 21:46:09,222 ping:150 Timeout while waiting for ping reply, attempt 2 of 3
2023-05-27 21:46:09,285 ping:150 Timeout while waiting for ping reply, attempt 3 of 3
2023-05-27 21:46:09,285 rescanLeaves:123 Found 1 leaves
2023-05-27 21:46:09,301 rescanPort:86 Val: False
2023-05-27 21:46:09,302 rescanPort:87 Found 0 COM ports
2023-05-27 21:46:09,302 rescanLeaves:116 Selected port: 
2023-05-27 21:46:10,756 leafSelected:129 Selected leaf: 0
2023-05-27 21:46:14,102 fget:162 Reading memory element:device_address at address:44, type:B.
2023-05-27 21:46:14,105 fget:171 Read value: 0
2023-05-27 21:46:14,105 address:345 Setting address from: 0 to: 0.
2023-05-27 21:46:14,105 setter:189 Writing memory element:device_address at address:44, type:B, value:0.
2023-05-27 21:46:14,292 write_reg_net:296 Write successful.
2023-05-27 21:46:14,292 fget:162 Reading memory element:device_address at address:44, type:B.
2023-05-27 21:46:14,295 fget:171 Read value: 0
2023-05-27 21:46:14,295 address:349 Address set to: 0
2023-05-27 21:50:37,423 rescanPort:86 Val: False
2023-05-27 21:50:37,424 rescanPort:87 Found 1 COM ports
2023-05-27 21:50:37,425 rescanLeaves:118 Selected port: COM3
2023-05-27 21:50:37,559 _get_leaves:96 Discovering leaves on port Serial<id=0x28f0e66f520, open=True>(port='COM3', baudrate=9600, bytesize=8, parity='N', stopbits=1, timeout=None, xonxoff=False, rtscts=False, dsrdtr=False)
2023-05-27 21:50:37,787 _get_leaves:111 Trying leaf 0
2023-05-27 21:50:37,791 _get_leaves:111 Trying leaf 1
2023-05-27 21:50:37,843 ping:150 Timeout while waiting for ping reply, attempt 1 of 3
2023-05-27 21:50:37,905 ping:150 Timeout while waiting for ping reply, attempt 2 of 3
2023-05-27 21:50:37,967 ping:150 Timeout while waiting for ping reply, attempt 3 of 3
2023-05-27 21:50:37,967 _get_leaves:111 Trying leaf 2
2023-05-27 21:50:38,030 ping:150 Timeout while waiting for ping reply, attempt 1 of 3
2023-05-27 21:50:38,094 ping:150 Timeout while waiting for ping reply, attempt 2 of 3
2023-05-27 21:50:38,156 ping:150 Timeout while waiting for ping reply, attempt 3 of 3
2023-05-27 21:50:38,157 _get_leaves:111 Trying leaf 3
2023-05-27 21:50:38,219 ping:150 Timeout while waiting for ping reply, attempt 1 of 3
2023-05-27 21:50:38,281 ping:150 Timeout while waiting for ping reply, attempt 2 of 3
2023-05-27 21:50:38,345 ping:150 Timeout while waiting for ping reply, attempt 3 of 3
2023-05-27 21:50:38,345 _get_leaves:111 Trying leaf 4
2023-05-27 21:50:38,407 ping:150 Timeout while waiting for ping reply, attempt 1 of 3
2023-05-27 21:50:38,470 ping:150 Timeout while waiting for ping reply, attempt 2 of 3
2023-05-27 21:50:38,533 ping:150 Timeout while waiting for ping reply, attempt 3 of 3
2023-05-27 21:50:38,533 rescanLeaves:125 Found 1 leaves
2023-05-27 21:50:42,503 leafSelected:131 Selected leaf: 0
2023-05-27 21:51:46,903 rescanPort:86 Val: False
2023-05-27 21:51:46,904 rescanPort:87 Found 1 COM ports
2023-05-27 21:51:46,904 rescanLeaves:118 Selected port: COM3
2023-05-27 21:51:47,039 _get_leaves:96 Discovering leaves on port Serial<id=0x2ad37c6f4f0, open=True>(port='COM3', baudrate=9600, bytesize=8, parity='N', stopbits=1, timeout=None, xonxoff=False, rtscts=False, dsrdtr=False)
2023-05-27 21:51:47,267 _get_leaves:111 Trying leaf 0
2023-05-27 21:51:47,271 _get_leaves:111 Trying leaf 1
2023-05-27 21:51:47,325 ping:150 Timeout while waiting for ping reply, attempt 1 of 3
2023-05-27 21:51:47,386 ping:150 Timeout while waiting for ping reply, attempt 2 of 3
2023-05-27 21:51:47,449 ping:150 Timeout while waiting for ping reply, attempt 3 of 3
2023-05-27 21:51:47,449 _get_leaves:111 Trying leaf 2
2023-05-27 21:51:47,511 ping:150 Timeout while waiting for ping reply, attempt 1 of 3
2023-05-27 21:51:47,573 ping:150 Timeout while waiting for ping reply, attempt 2 of 3
2023-05-27 21:51:47,635 ping:150 Timeout while waiting for ping reply, attempt 3 of 3
2023-05-27 21:51:47,635 _get_leaves:111 Trying leaf 3
2023-05-27 21:51:47,699 ping:150 Timeout while waiting for ping reply, attempt 1 of 3
2023-05-27 21:51:47,760 ping:150 Timeout while waiting for ping reply, attempt 2 of 3
2023-05-27 21:51:47,822 ping:150 Timeout while waiting for ping reply, attempt 3 of 3
2023-05-27 21:51:47,822 _get_leaves:111 Trying leaf 4
2023-05-27 21:51:47,885 ping:150 Timeout while waiting for ping reply, attempt 1 of 3
2023-05-27 21:51:47,949 ping:150 Timeout while waiting for ping reply, attempt 2 of 3
2023-05-27 21:51:48,013 ping:150 Timeout while waiting for ping reply, attempt 3 of 3
2023-05-27 21:51:48,013 rescanLeaves:125 Found 1 leaves
2023-05-27 21:51:49,302 leafSelected:131 Selected leaf: 0
2023-05-27 21:53:02,914 rescanPort:86 Val: False
2023-05-27 21:53:02,914 rescanPort:87 Found 1 COM ports
2023-05-27 21:53:02,915 rescanLeaves:118 Selected port: COM3
2023-05-27 21:53:03,049 _get_leaves:96 Discovering leaves on port Serial<id=0x262010adc30, open=True>(port='COM3', baudrate=9600, bytesize=8, parity='N', stopbits=1, timeout=None, xonxoff=False, rtscts=False, dsrdtr=False)
2023-05-27 21:53:03,277 _get_leaves:111 Trying leaf 0
2023-05-27 21:53:03,280 _get_leaves:111 Trying leaf 1
2023-05-27 21:53:03,333 ping:150 Timeout while waiting for ping reply, attempt 1 of 3
2023-05-27 21:53:03,396 ping:150 Timeout while waiting for ping reply, attempt 2 of 3
2023-05-27 21:53:03,459 ping:150 Timeout while waiting for ping reply, attempt 3 of 3
2023-05-27 21:53:03,459 _get_leaves:111 Trying leaf 2
2023-05-27 21:53:03,522 ping:150 Timeout while waiting for ping reply, attempt 1 of 3
2023-05-27 21:53:03,583 ping:150 Timeout while waiting for ping reply, attempt 2 of 3
2023-05-27 21:53:03,647 ping:150 Timeout while waiting for ping reply, attempt 3 of 3
2023-05-27 21:53:03,647 _get_leaves:111 Trying leaf 3
2023-05-27 21:53:03,710 ping:150 Timeout while waiting for ping reply, attempt 1 of 3
2023-05-27 21:53:03,772 ping:150 Timeout while waiting for ping reply, attempt 2 of 3
2023-05-27 21:53:03,832 ping:150 Timeout while waiting for ping reply, attempt 3 of 3
2023-05-27 21:53:03,832 _get_leaves:111 Trying leaf 4
2023-05-27 21:53:03,895 ping:150 Timeout while waiting for ping reply, attempt 1 of 3
2023-05-27 21:53:03,958 ping:150 Timeout while waiting for ping reply, attempt 2 of 3
2023-05-27 21:53:04,020 ping:150 Timeout while waiting for ping reply, attempt 3 of 3
2023-05-27 21:53:04,020 rescanLeaves:125 Found 1 leaves
2023-05-27 21:53:04,557 leafSelected:131 Selected leaf: 0
2023-05-27 21:54:20,843 rescanPort:86 Val: False
2023-05-27 21:54:20,843 rescanPort:87 Found 1 COM ports
2023-05-27 21:54:20,843 rescanLeaves:118 Selected port: COM3
2023-05-27 21:54:20,978 _get_leaves:96 Discovering leaves on port Serial<id=0x16c51bb1630, open=True>(port='COM3', baudrate=9600, bytesize=8, parity='N', stopbits=1, timeout=None, xonxoff=False, rtscts=False, dsrdtr=False)
2023-05-27 21:54:21,212 _get_leaves:111 Trying leaf 0
2023-05-27 21:54:21,215 _get_leaves:111 Trying leaf 1
2023-05-27 21:54:21,274 ping:150 Timeout while waiting for ping reply, attempt 1 of 3
2023-05-27 21:54:21,335 ping:150 Timeout while waiting for ping reply, attempt 2 of 3
2023-05-27 21:54:21,397 ping:150 Timeout while waiting for ping reply, attempt 3 of 3
2023-05-27 21:54:21,397 _get_leaves:111 Trying leaf 2
2023-05-27 21:54:21,459 ping:150 Timeout while waiting for ping reply, attempt 1 of 3
2023-05-27 21:54:21,522 ping:150 Timeout while waiting for ping reply, attempt 2 of 3
2023-05-27 21:54:21,585 ping:150 Timeout while waiting for ping reply, attempt 3 of 3
2023-05-27 21:54:21,585 _get_leaves:111 Trying leaf 3
2023-05-27 21:54:21,646 ping:150 Timeout while waiting for ping reply, attempt 1 of 3
2023-05-27 21:54:21,709 ping:150 Timeout while waiting for ping reply, attempt 2 of 3
2023-05-27 21:54:21,771 ping:150 Timeout while waiting for ping reply, attempt 3 of 3
2023-05-27 21:54:21,771 _get_leaves:111 Trying leaf 4
2023-05-27 21:54:21,833 ping:150 Timeout while waiting for ping reply, attempt 1 of 3
2023-05-27 21:54:21,895 ping:150 Timeout while waiting for ping reply, attempt 2 of 3
2023-05-27 21:54:21,959 ping:150 Timeout while waiting for ping reply, attempt 3 of 3
2023-05-27 21:54:21,959 rescanLeaves:125 Found 1 leaves
2023-05-27 21:54:22,378 leafSelected:131 Selected leaf: 0
2023-05-27 21:54:26,901 fget:162 Reading memory element:device_address at address:44, type:B.
2023-05-27 21:54:26,904 fget:171 Read value: 0
2023-05-27 21:54:26,905 address:345 Setting address from: 0 to: 1.
2023-05-27 21:54:26,905 setter:189 Writing memory element:device_address at address:44, type:B, value:1.
2023-05-27 21:54:27,085 write_reg_net:296 Write successful.
2023-05-27 21:54:27,085 fget:162 Reading memory element:device_address at address:44, type:B.
2023-05-27 21:54:27,087 fget:171 Read value: 1
2023-05-27 21:54:27,088 address:349 Address set to: 1
2023-05-27 21:54:30,288 rescanLeaves:118 Selected port: False
2023-05-27 21:56:11,112 rescanPort:86 Val: False
2023-05-27 21:56:11,112 rescanPort:87 Found 1 COM ports
2023-05-27 21:56:11,112 rescanLeaves:112 Selected port: COM3
2023-05-27 21:56:11,250 _get_leaves:96 Discovering leaves on port Serial<id=0x1f929023760, open=True>(port='COM3', baudrate=9600, bytesize=8, parity='N', stopbits=1, timeout=None, xonxoff=False, rtscts=False, dsrdtr=False)
2023-05-27 21:56:11,484 _get_leaves:105 Trying leaf 0
2023-05-27 21:56:11,545 ping:150 Timeout while waiting for ping reply, attempt 1 of 3
2023-05-27 21:56:11,608 ping:150 Timeout while waiting for ping reply, attempt 2 of 3
2023-05-27 21:56:11,671 ping:150 Timeout while waiting for ping reply, attempt 3 of 3
2023-05-27 21:56:11,671 _get_leaves:105 Trying leaf 1
2023-05-27 21:56:11,674 _get_leaves:105 Trying leaf 2
2023-05-27 21:56:11,735 ping:150 Timeout while waiting for ping reply, attempt 1 of 3
2023-05-27 21:56:11,798 ping:150 Timeout while waiting for ping reply, attempt 2 of 3
2023-05-27 21:56:11,861 ping:150 Timeout while waiting for ping reply, attempt 3 of 3
2023-05-27 21:56:11,861 _get_leaves:105 Trying leaf 3
2023-05-27 21:56:11,924 ping:150 Timeout while waiting for ping reply, attempt 1 of 3
2023-05-27 21:56:11,986 ping:150 Timeout while waiting for ping reply, attempt 2 of 3
2023-05-27 21:56:12,050 ping:150 Timeout while waiting for ping reply, attempt 3 of 3
2023-05-27 21:56:12,050 _get_leaves:105 Trying leaf 4
2023-05-27 21:56:12,113 ping:150 Timeout while waiting for ping reply, attempt 1 of 3
2023-05-27 21:56:12,175 ping:150 Timeout while waiting for ping reply, attempt 2 of 3
2023-05-27 21:56:12,237 ping:150 Timeout while waiting for ping reply, attempt 3 of 3
2023-05-27 21:56:12,237 rescanLeaves:119 Found 1 leaves
2023-05-27 21:56:12,862 rescanLeaves:112 Selected port: False
2023-05-27 21:56:13,000 _get_leaves:96 Discovering leaves on port Serial<id=0x1f92941de40, open=True>(port='COM3', baudrate=9600, bytesize=8, parity='N', stopbits=1, timeout=None, xonxoff=False, rtscts=False, dsrdtr=False)
2023-05-27 21:56:13,228 _get_leaves:105 Trying leaf 0
2023-05-27 21:56:13,283 ping:150 Timeout while waiting for ping reply, attempt 1 of 3
2023-05-27 21:56:13,345 ping:150 Timeout while waiting for ping reply, attempt 2 of 3
2023-05-27 21:56:13,409 ping:150 Timeout while waiting for ping reply, attempt 3 of 3
2023-05-27 21:56:13,409 _get_leaves:105 Trying leaf 1
2023-05-27 21:56:13,412 _get_leaves:105 Trying leaf 2
2023-05-27 21:56:13,471 ping:150 Timeout while waiting for ping reply, attempt 1 of 3
2023-05-27 21:56:13,535 ping:150 Timeout while waiting for ping reply, attempt 2 of 3
2023-05-27 21:56:13,596 ping:150 Timeout while waiting for ping reply, attempt 3 of 3
2023-05-27 21:56:13,596 _get_leaves:105 Trying leaf 3
2023-05-27 21:56:13,658 ping:150 Timeout while waiting for ping reply, attempt 1 of 3
2023-05-27 21:56:13,721 ping:150 Timeout while waiting for ping reply, attempt 2 of 3
2023-05-27 21:56:13,785 ping:150 Timeout while waiting for ping reply, attempt 3 of 3
2023-05-27 21:56:13,785 _get_leaves:105 Trying leaf 4
2023-05-27 21:56:13,847 ping:150 Timeout while waiting for ping reply, attempt 1 of 3
2023-05-27 21:56:13,909 ping:150 Timeout while waiting for ping reply, attempt 2 of 3
2023-05-27 21:56:13,972 ping:150 Timeout while waiting for ping reply, attempt 3 of 3
2023-05-27 21:56:13,972 rescanLeaves:119 Found 1 leaves
2023-05-27 21:56:14,803 rescanLeaves:112 Selected port: False
2023-05-27 21:56:14,942 _get_leaves:96 Discovering leaves on port Serial<id=0x1f92941da50, open=True>(port='COM3', baudrate=9600, bytesize=8, parity='N', stopbits=1, timeout=None, xonxoff=False, rtscts=False, dsrdtr=False)
2023-05-27 21:56:15,176 _get_leaves:105 Trying leaf 0
2023-05-27 21:56:15,237 ping:150 Timeout while waiting for ping reply, attempt 1 of 3
2023-05-27 21:56:15,299 ping:150 Timeout while waiting for ping reply, attempt 2 of 3
2023-05-27 21:56:15,361 ping:150 Timeout while waiting for ping reply, attempt 3 of 3
2023-05-27 21:56:15,361 _get_leaves:105 Trying leaf 1
2023-05-27 21:56:15,364 _get_leaves:105 Trying leaf 2
2023-05-27 21:56:15,425 ping:150 Timeout while waiting for ping reply, attempt 1 of 3
2023-05-27 21:56:15,488 ping:150 Timeout while waiting for ping reply, attempt 2 of 3
2023-05-27 21:56:15,552 ping:150 Timeout while waiting for ping reply, attempt 3 of 3
2023-05-27 21:56:15,552 _get_leaves:105 Trying leaf 3
2023-05-27 21:56:15,614 ping:150 Timeout while waiting for ping reply, attempt 1 of 3
2023-05-27 21:56:15,675 ping:150 Timeout while waiting for ping reply, attempt 2 of 3
2023-05-27 21:56:15,737 ping:150 Timeout while waiting for ping reply, attempt 3 of 3
2023-05-27 21:56:15,737 _get_leaves:105 Trying leaf 4
2023-05-27 21:56:15,801 ping:150 Timeout while waiting for ping reply, attempt 1 of 3
2023-05-27 21:56:15,864 ping:150 Timeout while waiting for ping reply, attempt 2 of 3
2023-05-27 21:56:15,926 ping:150 Timeout while waiting for ping reply, attempt 3 of 3
2023-05-27 21:56:15,926 rescanLeaves:119 Found 1 leaves
2023-05-27 21:56:18,238 leafSelected:125 Selected leaf: 0
2023-05-27 21:56:20,514 fget:162 Reading memory element:device_address at address:44, type:B.
2023-05-27 21:56:20,517 fget:171 Read value: 1
2023-05-27 21:56:20,517 address:345 Setting address from: 1 to: 0.
2023-05-27 21:56:20,517 setter:189 Writing memory element:device_address at address:44, type:B, value:0.
2023-05-27 21:56:20,702 write_reg_net:296 Write successful.
2023-05-27 21:56:20,703 fget:162 Reading memory element:device_address at address:44, type:B.
2023-05-27 21:56:20,705 fget:171 Read value: 0
2023-05-27 21:56:20,705 address:349 Address set to: 0
2023-05-27 21:56:26,560 fget:162 Reading memory element:device_address at address:44, type:B.
2023-05-27 21:56:26,563 fget:171 Read value: 0
2023-05-27 21:56:26,563 address:345 Setting address from: 0 to: 1.
2023-05-27 21:56:26,563 setter:189 Writing memory element:device_address at address:44, type:B, value:1.
2023-05-27 21:56:26,744 write_reg_net:296 Write successful.
2023-05-27 21:56:26,744 fget:162 Reading memory element:device_address at address:44, type:B.
2023-05-27 21:56:26,747 fget:171 Read value: 1
2023-05-27 21:56:26,747 address:349 Address set to: 1
2023-05-27 21:56:28,640 fget:162 Reading memory element:device_address at address:44, type:B.
2023-05-27 21:56:28,643 fget:171 Read value: 1
2023-05-27 21:56:28,643 address:345 Setting address from: 1 to: 0.
2023-05-27 21:56:28,643 setter:189 Writing memory element:device_address at address:44, type:B, value:0.
2023-05-27 21:56:28,823 write_reg_net:296 Write successful.
2023-05-27 21:56:28,823 fget:162 Reading memory element:device_address at address:44, type:B.
2023-05-27 21:56:28,825 fget:171 Read value: 0
2023-05-27 21:56:28,826 address:349 Address set to: 0
2023-05-27 21:56:33,418 fget:162 Reading memory element:device_address at address:44, type:B.
2023-05-27 21:56:33,423 fget:171 Read value: 0
2023-05-27 21:56:33,423 address:345 Setting address from: 0 to: 1.
2023-05-27 21:56:33,423 setter:189 Writing memory element:device_address at address:44, type:B, value:1.
2023-05-27 21:56:33,603 write_reg_net:296 Write successful.
2023-05-27 21:56:33,603 fget:162 Reading memory element:device_address at address:44, type:B.
2023-05-27 21:56:33,605 fget:171 Read value: 1
2023-05-27 21:56:33,606 address:349 Address set to: 1
2023-05-27 21:56:36,959 fget:162 Reading memory element:device_address at address:44, type:B.
2023-05-27 21:56:36,962 fget:171 Read value: 1
2023-05-27 21:56:36,962 address:345 Setting address from: 1 to: 0.
2023-05-27 21:56:36,962 setter:189 Writing memory element:device_address at address:44, type:B, value:0.
2023-05-27 21:56:37,136 write_reg_net:296 Write successful.
2023-05-27 21:56:37,137 fget:162 Reading memory element:device_address at address:44, type:B.
2023-05-27 21:56:37,140 fget:171 Read value: 0
2023-05-27 21:56:37,140 address:349 Address set to: 0
2023-05-27 22:13:05,117 <module>:169 COM3
2023-05-27 22:17:14,104 addPortToComboBox:110 Found port: COM3
2023-05-27 22:17:14,104 rescanLeaves:132 Selected port: COM3
2023-05-27 22:17:14,238 _get_leaves:116 Discovering leaves on port Serial<id=0x1dd2d9ad210, open=True>(port='COM3', baudrate=9600, bytesize=8, parity='N', stopbits=1, timeout=None, xonxoff=False, rtscts=False, dsrdtr=False)
2023-05-27 22:17:14,478 _get_leaves:125 Trying leaf 0
2023-05-27 22:17:14,481 _get_leaves:125 Trying leaf 1
2023-05-27 22:17:14,543 ping:150 Timeout while waiting for ping reply, attempt 1 of 3
2023-05-27 22:17:14,607 ping:150 Timeout while waiting for ping reply, attempt 2 of 3
2023-05-27 22:17:14,668 ping:150 Timeout while waiting for ping reply, attempt 3 of 3
2023-05-27 22:17:14,668 _get_leaves:125 Trying leaf 2
2023-05-27 22:17:14,730 ping:150 Timeout while waiting for ping reply, attempt 1 of 3
2023-05-27 22:17:14,791 ping:150 Timeout while waiting for ping reply, attempt 2 of 3
2023-05-27 22:17:14,852 ping:150 Timeout while waiting for ping reply, attempt 3 of 3
2023-05-27 22:17:14,852 _get_leaves:125 Trying leaf 3
2023-05-27 22:17:14,914 ping:150 Timeout while waiting for ping reply, attempt 1 of 3
2023-05-27 22:17:14,978 ping:150 Timeout while waiting for ping reply, attempt 2 of 3
2023-05-27 22:17:15,040 ping:150 Timeout while waiting for ping reply, attempt 3 of 3
2023-05-27 22:17:15,040 _get_leaves:125 Trying leaf 4
2023-05-27 22:17:15,103 ping:150 Timeout while waiting for ping reply, attempt 1 of 3
2023-05-27 22:17:15,167 ping:150 Timeout while waiting for ping reply, attempt 2 of 3
2023-05-27 22:17:15,231 ping:150 Timeout while waiting for ping reply, attempt 3 of 3
2023-05-27 22:17:15,231 rescanLeaves:139 Found 1 leaves
2023-05-27 22:17:15,231 <module>:171 COM3
2023-05-27 22:17:26,028 addPortToComboBox:110 Found port: COM3
2023-05-27 22:17:26,028 rescanLeaves:132 Selected port: COM3
2023-05-27 22:17:26,161 _get_leaves:116 Discovering leaves on port Serial<id=0x1ca265ad270, open=True>(port='COM3', baudrate=9600, bytesize=8, parity='N', stopbits=1, timeout=None, xonxoff=False, rtscts=False, dsrdtr=False)
2023-05-27 22:17:26,395 _get_leaves:125 Trying leaf 0
2023-05-27 22:17:26,398 _get_leaves:125 Trying leaf 1
2023-05-27 22:17:26,455 ping:150 Timeout while waiting for ping reply, attempt 1 of 3
2023-05-27 22:17:26,517 ping:150 Timeout while waiting for ping reply, attempt 2 of 3
2023-05-27 22:17:26,580 ping:150 Timeout while waiting for ping reply, attempt 3 of 3
2023-05-27 22:17:26,580 _get_leaves:125 Trying leaf 2
2023-05-27 22:17:26,642 ping:150 Timeout while waiting for ping reply, attempt 1 of 3
2023-05-27 22:17:26,706 ping:150 Timeout while waiting for ping reply, attempt 2 of 3
2023-05-27 22:17:26,769 ping:150 Timeout while waiting for ping reply, attempt 3 of 3
2023-05-27 22:17:26,769 _get_leaves:125 Trying leaf 3
2023-05-27 22:17:26,831 ping:150 Timeout while waiting for ping reply, attempt 1 of 3
2023-05-27 22:17:26,894 ping:150 Timeout while waiting for ping reply, attempt 2 of 3
2023-05-27 22:17:26,957 ping:150 Timeout while waiting for ping reply, attempt 3 of 3
2023-05-27 22:17:26,957 _get_leaves:125 Trying leaf 4
2023-05-27 22:17:27,019 ping:150 Timeout while waiting for ping reply, attempt 1 of 3
2023-05-27 22:17:27,083 ping:150 Timeout while waiting for ping reply, attempt 2 of 3
2023-05-27 22:17:27,146 ping:150 Timeout while waiting for ping reply, attempt 3 of 3
2023-05-27 22:17:27,146 rescanLeaves:139 Found 1 leaves
2023-05-27 22:17:27,146 <module>:171 COM3
2023-05-27 22:17:30,581 rescanLeaves:132 Selected port: 
2023-05-27 22:17:30,731 addPortToComboBox:110 Found port: COM3
2023-05-27 22:17:30,731 rescanLeaves:132 Selected port: COM3
2023-05-27 22:17:30,865 _get_leaves:116 Discovering leaves on port Serial<id=0x1ca265ae740, open=True>(port='COM3', baudrate=9600, bytesize=8, parity='N', stopbits=1, timeout=None, xonxoff=False, rtscts=False, dsrdtr=False)
2023-05-27 22:17:31,099 _get_leaves:125 Trying leaf 0
2023-05-27 22:17:31,101 _get_leaves:125 Trying leaf 1
2023-05-27 22:17:31,159 ping:150 Timeout while waiting for ping reply, attempt 1 of 3
2023-05-27 22:17:31,221 ping:150 Timeout while waiting for ping reply, attempt 2 of 3
2023-05-27 22:17:31,283 ping:150 Timeout while waiting for ping reply, attempt 3 of 3
2023-05-27 22:17:31,283 _get_leaves:125 Trying leaf 2
2023-05-27 22:17:31,345 ping:150 Timeout while waiting for ping reply, attempt 1 of 3
2023-05-27 22:17:31,408 ping:150 Timeout while waiting for ping reply, attempt 2 of 3
2023-05-27 22:17:31,470 ping:150 Timeout while waiting for ping reply, attempt 3 of 3
2023-05-27 22:17:31,470 _get_leaves:125 Trying leaf 3
2023-05-27 22:17:31,532 ping:150 Timeout while waiting for ping reply, attempt 1 of 3
2023-05-27 22:17:31,594 ping:150 Timeout while waiting for ping reply, attempt 2 of 3
2023-05-27 22:17:31,658 ping:150 Timeout while waiting for ping reply, attempt 3 of 3
2023-05-27 22:17:31,658 _get_leaves:125 Trying leaf 4
2023-05-27 22:17:31,719 ping:150 Timeout while waiting for ping reply, attempt 1 of 3
2023-05-27 22:17:31,782 ping:150 Timeout while waiting for ping reply, attempt 2 of 3
2023-05-27 22:17:31,845 ping:150 Timeout while waiting for ping reply, attempt 3 of 3
2023-05-27 22:17:31,845 rescanLeaves:139 Found 1 leaves
2023-05-27 22:17:31,845 <module>:171 COM3
2023-05-27 22:17:33,166 rescanLeaves:132 Selected port: 
2023-05-27 22:17:33,320 addPortToComboBox:110 Found port: COM3
2023-05-27 22:17:33,320 rescanLeaves:132 Selected port: COM3
2023-05-27 22:17:33,454 _get_leaves:116 Discovering leaves on port Serial<id=0x1ca265ae8c0, open=True>(port='COM3', baudrate=9600, bytesize=8, parity='N', stopbits=1, timeout=None, xonxoff=False, rtscts=False, dsrdtr=False)
2023-05-27 22:17:33,688 _get_leaves:125 Trying leaf 0
2023-05-27 22:17:33,690 _get_leaves:125 Trying leaf 1
2023-05-27 22:17:33,758 ping:150 Timeout while waiting for ping reply, attempt 1 of 3
2023-05-27 22:17:33,819 ping:150 Timeout while waiting for ping reply, attempt 2 of 3
2023-05-27 22:17:33,882 ping:150 Timeout while waiting for ping reply, attempt 3 of 3
2023-05-27 22:17:33,882 _get_leaves:125 Trying leaf 2
2023-05-27 22:17:33,946 ping:150 Timeout while waiting for ping reply, attempt 1 of 3
2023-05-27 22:17:34,008 ping:150 Timeout while waiting for ping reply, attempt 2 of 3
2023-05-27 22:17:34,069 ping:150 Timeout while waiting for ping reply, attempt 3 of 3
2023-05-27 22:17:34,069 _get_leaves:125 Trying leaf 3
2023-05-27 22:17:34,131 ping:150 Timeout while waiting for ping reply, attempt 1 of 3
2023-05-27 22:17:34,194 ping:150 Timeout while waiting for ping reply, attempt 2 of 3
2023-05-27 22:17:34,257 ping:150 Timeout while waiting for ping reply, attempt 3 of 3
2023-05-27 22:17:34,257 _get_leaves:125 Trying leaf 4
2023-05-27 22:17:34,318 ping:150 Timeout while waiting for ping reply, attempt 1 of 3
2023-05-27 22:17:34,381 ping:150 Timeout while waiting for ping reply, attempt 2 of 3
2023-05-27 22:17:34,444 ping:150 Timeout while waiting for ping reply, attempt 3 of 3
2023-05-27 22:17:34,444 rescanLeaves:139 Found 1 leaves
2023-05-27 22:17:34,444 <module>:171 COM3
2023-05-27 22:17:34,447 rescanLeaves:132 Selected port: 
2023-05-27 22:17:34,598 addPortToComboBox:110 Found port: COM3
2023-05-27 22:17:34,599 rescanLeaves:132 Selected port: COM3
2023-05-27 22:17:34,732 _get_leaves:116 Discovering leaves on port Serial<id=0x1ca265ad7e0, open=True>(port='COM3', baudrate=9600, bytesize=8, parity='N', stopbits=1, timeout=None, xonxoff=False, rtscts=False, dsrdtr=False)
2023-05-27 22:17:34,966 _get_leaves:125 Trying leaf 0
2023-05-27 22:17:34,969 _get_leaves:125 Trying leaf 1
2023-05-27 22:17:35,034 ping:150 Timeout while waiting for ping reply, attempt 1 of 3
2023-05-27 22:17:35,098 ping:150 Timeout while waiting for ping reply, attempt 2 of 3
2023-05-27 22:17:35,159 ping:150 Timeout while waiting for ping reply, attempt 3 of 3
2023-05-27 22:17:35,159 _get_leaves:125 Trying leaf 2
2023-05-27 22:17:35,222 ping:150 Timeout while waiting for ping reply, attempt 1 of 3
2023-05-27 22:17:35,283 ping:150 Timeout while waiting for ping reply, attempt 2 of 3
2023-05-27 22:17:35,345 ping:150 Timeout while waiting for ping reply, attempt 3 of 3
2023-05-27 22:17:35,345 _get_leaves:125 Trying leaf 3
2023-05-27 22:17:35,407 ping:150 Timeout while waiting for ping reply, attempt 1 of 3
2023-05-27 22:17:35,469 ping:150 Timeout while waiting for ping reply, attempt 2 of 3
2023-05-27 22:17:35,532 ping:150 Timeout while waiting for ping reply, attempt 3 of 3
2023-05-27 22:17:35,532 _get_leaves:125 Trying leaf 4
2023-05-27 22:17:35,596 ping:150 Timeout while waiting for ping reply, attempt 1 of 3
2023-05-27 22:17:35,659 ping:150 Timeout while waiting for ping reply, attempt 2 of 3
2023-05-27 22:17:35,721 ping:150 Timeout while waiting for ping reply, attempt 3 of 3
2023-05-27 22:17:35,721 rescanLeaves:139 Found 1 leaves
2023-05-27 22:17:35,721 <module>:171 COM3
2023-05-27 22:21:53,436 addPortToComboBox:107 Found port: COM3
2023-05-27 22:21:53,436 <module>:168 COM3
2023-05-27 22:22:43,210 addPortToComboBox:107 Found port: COM3
2023-05-27 22:29:38,366 addPortToComboBox:116 Found port: COM3
2023-05-27 22:31:29,958 addPortToComboBox:113 Found port: COM3
2023-05-27 22:32:40,139 addPortToComboBox:116 Found port: COM3
2023-05-27 22:38:04,872 addPortToComboBox:100 Found port: COM3
2023-05-27 22:39:30,793 run:49 Found port: COM3
2023-05-27 22:39:30,793 addPortToComboBox:103 Found port: COM3
2023-05-27 22:40:20,384 run:49 Found port: COM3
2023-05-27 22:40:51,795 run:49 Found port: COM3
2023-05-27 22:41:10,566 run:49 Found port: COM3
2023-05-27 22:41:58,327 run:49 Found port: COM3
2023-05-27 22:41:59,671 rescanLeaves:127 Selected port: False
2023-05-27 22:41:59,805 _get_leaves:111 Discovering leaves on port Serial<id=0x1831601ab30, open=True>(port='COM3', baudrate=9600, bytesize=8, parity='N', stopbits=1, timeout=None, xonxoff=False, rtscts=False, dsrdtr=False)
2023-05-27 22:42:00,045 _get_leaves:120 Trying leaf 0
2023-05-27 22:42:00,048 _get_leaves:120 Trying leaf 1
2023-05-27 22:42:00,112 ping:150 Timeout while waiting for ping reply, attempt 1 of 3
2023-05-27 22:42:00,174 ping:150 Timeout while waiting for ping reply, attempt 2 of 3
2023-05-27 22:42:00,238 ping:150 Timeout while waiting for ping reply, attempt 3 of 3
2023-05-27 22:42:00,238 _get_leaves:120 Trying leaf 2
2023-05-27 22:42:00,300 ping:150 Timeout while waiting for ping reply, attempt 1 of 3
2023-05-27 22:42:00,363 ping:150 Timeout while waiting for ping reply, attempt 2 of 3
2023-05-27 22:42:00,427 ping:150 Timeout while waiting for ping reply, attempt 3 of 3
2023-05-27 22:42:00,427 _get_leaves:120 Trying leaf 3
2023-05-27 22:42:00,490 ping:150 Timeout while waiting for ping reply, attempt 1 of 3
2023-05-27 22:42:00,553 ping:150 Timeout while waiting for ping reply, attempt 2 of 3
2023-05-27 22:42:00,614 ping:150 Timeout while waiting for ping reply, attempt 3 of 3
2023-05-27 22:42:00,614 _get_leaves:120 Trying leaf 4
2023-05-27 22:42:00,677 ping:150 Timeout while waiting for ping reply, attempt 1 of 3
2023-05-27 22:42:00,741 ping:150 Timeout while waiting for ping reply, attempt 2 of 3
2023-05-27 22:42:00,805 ping:150 Timeout while waiting for ping reply, attempt 3 of 3
2023-05-27 22:42:00,805 rescanLeaves:134 Found 1 leaves
